\BOOKMARK [0][-]{chapter.1}{Il problema della predizione della funzione delle proteine tramite metodi automatici}{}% 1
\BOOKMARK [1][-]{section.1.1}{Metodi basati sulla comparazione di biosequenze}{chapter.1}% 2
\BOOKMARK [1][-]{section.1.2}{Metodi basati su reti}{chapter.1}% 3
\BOOKMARK [1][-]{section.1.3}{Metodi Kernel per spazi di output strutturati}{chapter.1}% 4
\BOOKMARK [1][-]{section.1.4}{Metodi ensemble gerarchici}{chapter.1}% 5
\BOOKMARK [0][-]{chapter.2}{Metodi di ensemble gerarchici per predizioni strutturate}{}% 6
\BOOKMARK [1][-]{section.2.1}{Predizione flat}{chapter.2}% 7
\BOOKMARK [1][-]{section.2.2}{Metodi ensemble}{chapter.2}% 8
\BOOKMARK [2][-]{subsection.2.2.1}{Metodo Top-Down gerarchico \(HTD-DAG\)}{section.2.2}% 9
\BOOKMARK [2][-]{subsection.2.2.2}{Metodo True Path Rule \(TPR-DAG\)}{section.2.2}% 10
\BOOKMARK [2][-]{subsection.2.2.3}{Metodo True Path Rule con Isotonic Regression \(ISO-TPR\)}{section.2.2}% 11
\BOOKMARK [0][-]{chapter.3}{Predizione della funzione delle proteine della specie C.elegans}{}% 12
\BOOKMARK [1][-]{section.3.1}{Dataset}{chapter.3}% 13
\BOOKMARK [1][-]{section.3.2}{Classi/Annotazioni}{chapter.3}% 14
\BOOKMARK [1][-]{section.3.3}{Algoritmi di apprendimento automatico utilizzati per le predizioni flat}{chapter.3}% 15
\BOOKMARK [1][-]{section.3.4}{Valutazione delle performance}{chapter.3}% 16
\BOOKMARK [1][-]{section.3.5}{Stime preliminari dei tempi di calcolo e delle performance}{chapter.3}% 17
\BOOKMARK [2][-]{subsection.3.5.1}{Risultati delle stime iniziali}{section.3.5}% 18
\BOOKMARK [1][-]{section.3.6}{Riduzione della complessit\340 del problema}{chapter.3}% 19
\BOOKMARK [2][-]{subsection.3.6.1}{Selezione delle Feature}{section.3.6}% 20
\BOOKMARK [2][-]{subsection.3.6.2}{Analisi delle componenti principali}{section.3.6}% 21
\BOOKMARK [2][-]{subsection.3.6.3}{Stime dei tempi di calcolo e performance con selezione delle feature}{section.3.6}% 22
\BOOKMARK [2][-]{subsection.3.6.4}{Stime dei tempi di calcolo e performance con PCA}{section.3.6}% 23
\BOOKMARK [1][-]{section.3.7}{Organizzazione degli esperimenti}{chapter.3}% 24
\BOOKMARK [1][-]{section.3.8}{Predizioni flat}{chapter.3}% 25
\BOOKMARK [1][-]{section.3.9}{Predizioni strutturate}{chapter.3}% 26
\BOOKMARK [2][-]{subsection.3.9.1}{Metodi Flat vs Metodi Ensemble Gerarchici}{section.3.9}% 27
\BOOKMARK [2][-]{subsection.3.9.2}{Confronto fra Metodi Ensemble Gerarchici}{section.3.9}% 28
\BOOKMARK [0][-]{chapter.4}{Conclusioni}{}% 29
\BOOKMARK [0][-]{section*.38}{Appendices}{}% 30
\BOOKMARK [0][-]{Appendice.1.Alph1}{Codice}{}% 31
\BOOKMARK [0][-]{Appendice.1.Alph2}{Boxplot}{}% 32
\BOOKMARK [0][-]{Appendice.1.Alph3}{Tabelle}{}% 33
