This is pdfTeX, Version 3.14159265-2.6-1.40.18 (TeX Live 2017/Debian) (preloaded format=pdflatex 2018.5.30)  4 JUL 2018 16:29
entering extended mode
 restricted \write18 enabled.
 %&-line parsing enabled.
**TemplateTesi.tex
(./TemplateTesi.tex
LaTeX2e <2017-04-15>
Babel <3.18> and hyphenation patterns for 6 language(s) loaded.
(/usr/share/texlive/texmf-dist/tex/latex/base/report.cls
Document Class: report 2014/09/29 v1.4h Standard LaTeX document class
(/usr/share/texlive/texmf-dist/tex/latex/base/size12.clo
File: size12.clo 2014/09/29 v1.4h Standard LaTeX file (size option)
)
\c@part=\count79
\c@chapter=\count80
\c@section=\count81
\c@subsection=\count82
\c@subsubsection=\count83
\c@paragraph=\count84
\c@subparagraph=\count85
\c@figure=\count86
\c@table=\count87
\abovecaptionskip=\skip41
\belowcaptionskip=\skip42
\bibindent=\dimen102
)
(/usr/share/texlive/texmf-dist/tex/latex/geometry/geometry.sty
Package: geometry 2010/09/12 v5.6 Page Geometry

(/usr/share/texlive/texmf-dist/tex/latex/graphics/keyval.sty
Package: keyval 2014/10/28 v1.15 key=value parser (DPC)
\KV@toks@=\toks14
)
(/usr/share/texlive/texmf-dist/tex/generic/oberdiek/ifpdf.sty
Package: ifpdf 2017/03/15 v3.2 Provides the ifpdf switch
)
(/usr/share/texlive/texmf-dist/tex/generic/oberdiek/ifvtex.sty
Package: ifvtex 2016/05/16 v1.6 Detect VTeX and its facilities (HO)
Package ifvtex Info: VTeX not detected.
)
(/usr/share/texlive/texmf-dist/tex/generic/ifxetex/ifxetex.sty
Package: ifxetex 2010/09/12 v0.6 Provides ifxetex conditional
)
\Gm@cnth=\count88
\Gm@cntv=\count89
\c@Gm@tempcnt=\count90
\Gm@bindingoffset=\dimen103
\Gm@wd@mp=\dimen104
\Gm@odd@mp=\dimen105
\Gm@even@mp=\dimen106
\Gm@layoutwidth=\dimen107
\Gm@layoutheight=\dimen108
\Gm@layouthoffset=\dimen109
\Gm@layoutvoffset=\dimen110
\Gm@dimlist=\toks15
)
(/usr/share/texlive/texmf-dist/tex/latex/amsfonts/amssymb.sty
Package: amssymb 2013/01/14 v3.01 AMS font symbols

(/usr/share/texlive/texmf-dist/tex/latex/amsfonts/amsfonts.sty
Package: amsfonts 2013/01/14 v3.01 Basic AMSFonts support
\@emptytoks=\toks16
\symAMSa=\mathgroup4
\symAMSb=\mathgroup5
LaTeX Font Info:    Overwriting math alphabet `\mathfrak' in version `bold'
(Font)                  U/euf/m/n --> U/euf/b/n on input line 106.
))
(/usr/share/texlive/texmf-dist/tex/latex/amsmath/amsmath.sty
Package: amsmath 2017/09/02 v2.17a AMS math features
\@mathmargin=\skip43

For additional information on amsmath, use the `?' option.
(/usr/share/texlive/texmf-dist/tex/latex/amsmath/amstext.sty
Package: amstext 2000/06/29 v2.01 AMS text

(/usr/share/texlive/texmf-dist/tex/latex/amsmath/amsgen.sty
File: amsgen.sty 1999/11/30 v2.0 generic functions
\@emptytoks=\toks17
\ex@=\dimen111
))
(/usr/share/texlive/texmf-dist/tex/latex/amsmath/amsbsy.sty
Package: amsbsy 1999/11/29 v1.2d Bold Symbols
\pmbraise@=\dimen112
)
(/usr/share/texlive/texmf-dist/tex/latex/amsmath/amsopn.sty
Package: amsopn 2016/03/08 v2.02 operator names
)
\inf@bad=\count91
LaTeX Info: Redefining \frac on input line 213.
\uproot@=\count92
\leftroot@=\count93
LaTeX Info: Redefining \overline on input line 375.
\classnum@=\count94
\DOTSCASE@=\count95
LaTeX Info: Redefining \ldots on input line 472.
LaTeX Info: Redefining \dots on input line 475.
LaTeX Info: Redefining \cdots on input line 596.
\Mathstrutbox@=\box26
\strutbox@=\box27
\big@size=\dimen113
LaTeX Font Info:    Redeclaring font encoding OML on input line 712.
LaTeX Font Info:    Redeclaring font encoding OMS on input line 713.
\macc@depth=\count96
\c@MaxMatrixCols=\count97
\dotsspace@=\muskip10
\c@parentequation=\count98
\dspbrk@lvl=\count99
\tag@help=\toks18
\row@=\count100
\column@=\count101
\maxfields@=\count102
\andhelp@=\toks19
\eqnshift@=\dimen114
\alignsep@=\dimen115
\tagshift@=\dimen116
\tagwidth@=\dimen117
\totwidth@=\dimen118
\lineht@=\dimen119
\@envbody=\toks20
\multlinegap=\skip44
\multlinetaggap=\skip45
\mathdisplay@stack=\toks21
LaTeX Info: Redefining \[ on input line 2817.
LaTeX Info: Redefining \] on input line 2818.
)
(/usr/share/texlive/texmf-dist/tex/latex/amscls/amsthm.sty
Package: amsthm 2017/10/31 v2.20.4
\thm@style=\toks22
\thm@bodyfont=\toks23
\thm@headfont=\toks24
\thm@notefont=\toks25
\thm@headpunct=\toks26
\thm@preskip=\skip46
\thm@postskip=\skip47
\thm@headsep=\skip48
\dth@everypar=\toks27
)
(/usr/share/texlive/texmf-dist/tex/latex/csvsimple/csvsimple.sty
Package: csvsimple 2016/07/01 version 1.20 LaTeX CSV file processing

(/usr/share/texlive/texmf-dist/tex/latex/pgf/utilities/pgfkeys.sty
(/usr/share/texlive/texmf-dist/tex/generic/pgf/utilities/pgfkeys.code.tex
\pgfkeys@pathtoks=\toks28
\pgfkeys@temptoks=\toks29

(/usr/share/texlive/texmf-dist/tex/generic/pgf/utilities/pgfkeysfiltered.code.t
ex
\pgfkeys@tmptoks=\toks30
))) (/usr/share/texlive/texmf-dist/tex/latex/base/ifthen.sty
Package: ifthen 2014/09/29 v1.1c Standard LaTeX ifthen package (DPC)
)
(/usr/share/texlive/texmf-dist/tex/latex/etoolbox/etoolbox.sty
Package: etoolbox 2018/02/11 v2.5e e-TeX tools for LaTeX (JAW)
\etb@tempcnta=\count103
)
(/usr/share/texlive/texmf-dist/tex/latex/tools/shellesc.sty
Package: shellesc 2016/06/07 v0.02a unified shell escape interface for LaTeX
Package shellesc Info: Restricted shell escape enabled on input line 69.
)
\csv@file=\read1
\c@csvinputline=\count104
\c@csvrow=\count105
\c@csvcol=\count106
\csv@out=\write3
)
(/usr/share/texlive/texmf-dist/tex/latex/graphics/graphicx.sty
Package: graphicx 2017/06/01 v1.1a Enhanced LaTeX Graphics (DPC,SPQR)

(/usr/share/texlive/texmf-dist/tex/latex/graphics/graphics.sty
Package: graphics 2017/06/25 v1.2c Standard LaTeX Graphics (DPC,SPQR)

(/usr/share/texlive/texmf-dist/tex/latex/graphics/trig.sty
Package: trig 2016/01/03 v1.10 sin cos tan (DPC)
)
(/usr/share/texlive/texmf-dist/tex/latex/graphics-cfg/graphics.cfg
File: graphics.cfg 2016/06/04 v1.11 sample graphics configuration
)
Package graphics Info: Driver file: pdftex.def on input line 99.

(/usr/share/texlive/texmf-dist/tex/latex/graphics-def/pdftex.def
File: pdftex.def 2018/01/08 v1.0l Graphics/color driver for pdftex
))
\Gin@req@height=\dimen120
\Gin@req@width=\dimen121
)
(/usr/share/texlive/texmf-dist/tex/latex/mathtools/mathtools.sty
Package: mathtools 2018/01/08 v1.21 mathematical typesetting tools

(/usr/share/texlive/texmf-dist/tex/latex/tools/calc.sty
Package: calc 2014/10/28 v4.3 Infix arithmetic (KKT,FJ)
\calc@Acount=\count107
\calc@Bcount=\count108
\calc@Adimen=\dimen122
\calc@Bdimen=\dimen123
\calc@Askip=\skip49
\calc@Bskip=\skip50
LaTeX Info: Redefining \setlength on input line 80.
LaTeX Info: Redefining \addtolength on input line 81.
\calc@Ccount=\count109
\calc@Cskip=\skip51
)
(/usr/share/texlive/texmf-dist/tex/latex/mathtools/mhsetup.sty
Package: mhsetup 2017/03/31 v1.3 programming setup (MH)
)
LaTeX Info: Thecontrolsequence`\('isalreadyrobust on input line 129.
LaTeX Info: Thecontrolsequence`\)'isalreadyrobust on input line 129.
LaTeX Info: Thecontrolsequence`\['isalreadyrobust on input line 129.
LaTeX Info: Thecontrolsequence`\]'isalreadyrobust on input line 129.
\g_MT_multlinerow_int=\count110
\l_MT_multwidth_dim=\dimen124
\origjot=\skip52
\l_MT_shortvdotswithinadjustabove_dim=\dimen125
\l_MT_shortvdotswithinadjustbelow_dim=\dimen126
\l_MT_above_intertext_sep=\dimen127
\l_MT_below_intertext_sep=\dimen128
\l_MT_above_shortintertext_sep=\dimen129
\l_MT_below_shortintertext_sep=\dimen130
)
(/usr/share/texlive/texmf-dist/tex/latex/url/url.sty
\Urlmuskip=\muskip11
Package: url 2013/09/16  ver 3.4  Verb mode for urls, etc.
)
(/usr/share/texlive/texmf-dist/tex/latex/hyperref/hyperref.sty
Package: hyperref 2018/02/06 v6.86b Hypertext links for LaTeX

(/usr/share/texlive/texmf-dist/tex/generic/oberdiek/hobsub-hyperref.sty
Package: hobsub-hyperref 2016/05/16 v1.14 Bundle oberdiek, subset hyperref (HO)


(/usr/share/texlive/texmf-dist/tex/generic/oberdiek/hobsub-generic.sty
Package: hobsub-generic 2016/05/16 v1.14 Bundle oberdiek, subset generic (HO)
Package: hobsub 2016/05/16 v1.14 Construct package bundles (HO)
Package: infwarerr 2016/05/16 v1.4 Providing info/warning/error messages (HO)
Package: ltxcmds 2016/05/16 v1.23 LaTeX kernel commands for general use (HO)
Package: ifluatex 2016/05/16 v1.4 Provides the ifluatex switch (HO)
Package ifluatex Info: LuaTeX not detected.
Package hobsub Info: Skipping package `ifvtex' (already loaded).
Package: intcalc 2016/05/16 v1.2 Expandable calculations with integers (HO)
Package hobsub Info: Skipping package `ifpdf' (already loaded).
Package: etexcmds 2016/05/16 v1.6 Avoid name clashes with e-TeX commands (HO)
Package etexcmds Info: Could not find \expanded.
(etexcmds)             That can mean that you are not using pdfTeX 1.50 or
(etexcmds)             that some package has redefined \expanded.
(etexcmds)             In the latter case, load this package earlier.
Package: kvsetkeys 2016/05/16 v1.17 Key value parser (HO)
Package: kvdefinekeys 2016/05/16 v1.4 Define keys (HO)
Package: pdftexcmds 2018/01/21 v0.26 Utility functions of pdfTeX for LuaTeX (HO
)
Package pdftexcmds Info: LuaTeX not detected.
Package pdftexcmds Info: \pdf@primitive is available.
Package pdftexcmds Info: \pdf@ifprimitive is available.
Package pdftexcmds Info: \pdfdraftmode found.
Package: pdfescape 2016/05/16 v1.14 Implements pdfTeX's escape features (HO)
Package: bigintcalc 2016/05/16 v1.4 Expandable calculations on big integers (HO
)
Package: bitset 2016/05/16 v1.2 Handle bit-vector datatype (HO)
Package: uniquecounter 2016/05/16 v1.3 Provide unlimited unique counter (HO)
)
Package hobsub Info: Skipping package `hobsub' (already loaded).
Package: letltxmacro 2016/05/16 v1.5 Let assignment for LaTeX macros (HO)
Package: hopatch 2016/05/16 v1.3 Wrapper for package hooks (HO)
Package: xcolor-patch 2016/05/16 xcolor patch
Package: atveryend 2016/05/16 v1.9 Hooks at the very end of document (HO)
Package: atbegshi 2016/06/09 v1.18 At begin shipout hook (HO)
Package: refcount 2016/05/16 v3.5 Data extraction from label references (HO)
Package: hycolor 2016/05/16 v1.8 Color options for hyperref/bookmark (HO)
)
(/usr/share/texlive/texmf-dist/tex/latex/oberdiek/auxhook.sty
Package: auxhook 2016/05/16 v1.4 Hooks for auxiliary files (HO)
)
(/usr/share/texlive/texmf-dist/tex/latex/oberdiek/kvoptions.sty
Package: kvoptions 2016/05/16 v3.12 Key value format for package options (HO)
)
\@linkdim=\dimen131
\Hy@linkcounter=\count111
\Hy@pagecounter=\count112

(/usr/share/texlive/texmf-dist/tex/latex/hyperref/pd1enc.def
File: pd1enc.def 2018/02/06 v6.86b Hyperref: PDFDocEncoding definition (HO)
)
\Hy@SavedSpaceFactor=\count113

(/usr/share/texlive/texmf-dist/tex/latex/latexconfig/hyperref.cfg
File: hyperref.cfg 2002/06/06 v1.2 hyperref configuration of TeXLive
)
Package hyperref Info: Hyper figures OFF on input line 4509.
Package hyperref Info: Link nesting OFF on input line 4514.
Package hyperref Info: Hyper index ON on input line 4517.
Package hyperref Info: Plain pages OFF on input line 4524.
Package hyperref Info: Backreferencing OFF on input line 4529.
Package hyperref Info: Implicit mode ON; LaTeX internals redefined.
Package hyperref Info: Bookmarks ON on input line 4762.
\c@Hy@tempcnt=\count114
LaTeX Info: Redefining \url on input line 5115.
\XeTeXLinkMargin=\dimen132
\Fld@menulength=\count115
\Field@Width=\dimen133
\Fld@charsize=\dimen134
Package hyperref Info: Hyper figures OFF on input line 6369.
Package hyperref Info: Link nesting OFF on input line 6374.
Package hyperref Info: Hyper index ON on input line 6377.
Package hyperref Info: backreferencing OFF on input line 6384.
Package hyperref Info: Link coloring OFF on input line 6389.
Package hyperref Info: Link coloring with OCG OFF on input line 6394.
Package hyperref Info: PDF/A mode OFF on input line 6399.
LaTeX Info: Redefining \ref on input line 6439.
LaTeX Info: Redefining \pageref on input line 6443.
\Hy@abspage=\count116
\c@Item=\count117
\c@Hfootnote=\count118
)
Package hyperref Info: Driver (autodetected): hpdftex.

(/usr/share/texlive/texmf-dist/tex/latex/hyperref/hpdftex.def
File: hpdftex.def 2018/02/06 v6.86b Hyperref driver for pdfTeX
\Fld@listcount=\count119
\c@bookmark@seq@number=\count120

(/usr/share/texlive/texmf-dist/tex/latex/oberdiek/rerunfilecheck.sty
Package: rerunfilecheck 2016/05/16 v1.8 Rerun checks for auxiliary files (HO)
Package uniquecounter Info: New unique counter `rerunfilecheck' on input line 2
82.
)
\Hy@SectionHShift=\skip53
)
(/usr/share/texlive/texmf-dist/tex/latex/graphics/epsfig.sty
Package: epsfig 2017/06/25 v1.7b (e)psfig emulation (SPQR)
\epsfxsize=\dimen135
\epsfysize=\dimen136
)
(/usr/share/texlive/texmf-dist/tex/generic/babel/babel.sty
Package: babel 2018/02/14 3.18 The Babel package

(/usr/share/texlive/texmf-dist/tex/generic/babel/switch.def
File: switch.def 2018/02/14 3.18 Babel switching mechanism
)
(/usr/share/texlive/texmf-dist/tex/generic/babel-italian/italian.ldf
Language: italian 2015/03/26 v1.3n Italian support from the babel system

(/usr/share/texlive/texmf-dist/tex/generic/babel/babel.def
File: babel.def 2018/02/14 3.18 Babel common definitions
\babel@savecnt=\count121
\U@D=\dimen137

(/usr/share/texlive/texmf-dist/tex/generic/babel/txtbabel.def)
\bbl@dirlevel=\count122
)
\it@lettering=\count123
\it@doublequoteactive=\count124
\it@ISOcompliance=\count125
))
(/usr/share/texlive/texmf-dist/tex/latex/listings/listings.sty
\lst@mode=\count126
\lst@gtempboxa=\box28
\lst@token=\toks31
\lst@length=\count127
\lst@currlwidth=\dimen138
\lst@column=\count128
\lst@pos=\count129
\lst@lostspace=\dimen139
\lst@width=\dimen140
\lst@newlines=\count130
\lst@lineno=\count131
\lst@maxwidth=\dimen141

(/usr/share/texlive/texmf-dist/tex/latex/listings/lstmisc.sty
File: lstmisc.sty 2015/06/04 1.6 (Carsten Heinz)
\c@lstnumber=\count132
\lst@skipnumbers=\count133
\lst@framebox=\box29
)
(/usr/share/texlive/texmf-dist/tex/latex/listings/listings.cfg
File: listings.cfg 2015/06/04 1.6 listings configuration
))
Package: listings 2015/06/04 1.6 (Carsten Heinz)

(/usr/share/texlive/texmf-dist/tex/latex/graphics/color.sty
Package: color 2016/07/10 v1.1e Standard LaTeX Color (DPC)

(/usr/share/texlive/texmf-dist/tex/latex/graphics-cfg/color.cfg
File: color.cfg 2016/01/02 v1.6 sample color configuration
)
Package color Info: Driver file: pdftex.def on input line 147.
)
(/usr/share/texlive/texmf-dist/tex/latex/relsize/relsize.sty
Package: relsize 2013/03/29 ver 4.1
)
(/usr/share/texlive/texmf-dist/tex/latex/pgfplots/pgfplotstable.sty
(/usr/share/texlive/texmf-dist/tex/generic/pgfplots/pgfplots.revision.tex)
Package: pgfplotstable 2017/06/05 v1.15 Table typesetting and Pretty-printing (
1.15)

(/usr/share/texlive/texmf-dist/tex/latex/pgfplots/pgfplots.sty
(/usr/share/texlive/texmf-dist/tex/generic/pgfplots/pgfplots.revision.tex)
Package: pgfplots 2017/06/05 v1.15 Data Visualization (1.15)

(/usr/share/texlive/texmf-dist/tex/latex/pgf/frontendlayer/tikz.sty
(/usr/share/texlive/texmf-dist/tex/latex/pgf/basiclayer/pgf.sty
(/usr/share/texlive/texmf-dist/tex/latex/pgf/utilities/pgfrcs.sty
(/usr/share/texlive/texmf-dist/tex/generic/pgf/utilities/pgfutil-common.tex
\pgfutil@everybye=\toks32
\pgfutil@tempdima=\dimen142
\pgfutil@tempdimb=\dimen143

(/usr/share/texlive/texmf-dist/tex/generic/pgf/utilities/pgfutil-common-lists.t
ex)) (/usr/share/texlive/texmf-dist/tex/generic/pgf/utilities/pgfutil-latex.def
\pgfutil@abb=\box30
(/usr/share/texlive/texmf-dist/tex/latex/ms/everyshi.sty
Package: everyshi 2001/05/15 v3.00 EveryShipout Package (MS)
))
(/usr/share/texlive/texmf-dist/tex/generic/pgf/utilities/pgfrcs.code.tex
Package: pgfrcs 2015/08/07 v3.0.1a (rcs-revision 1.31)
))
Package: pgf 2015/08/07 v3.0.1a (rcs-revision 1.15)

(/usr/share/texlive/texmf-dist/tex/latex/pgf/basiclayer/pgfcore.sty
(/usr/share/texlive/texmf-dist/tex/latex/pgf/systemlayer/pgfsys.sty
(/usr/share/texlive/texmf-dist/tex/generic/pgf/systemlayer/pgfsys.code.tex
Package: pgfsys 2014/07/09 v3.0.1a (rcs-revision 1.48)

(/usr/share/texlive/texmf-dist/tex/generic/pgf/utilities/pgfkeys.code.tex)
\pgf@x=\dimen144
\pgf@y=\dimen145
\pgf@xa=\dimen146
\pgf@ya=\dimen147
\pgf@xb=\dimen148
\pgf@yb=\dimen149
\pgf@xc=\dimen150
\pgf@yc=\dimen151
\w@pgf@writea=\write4
\r@pgf@reada=\read2
\c@pgf@counta=\count134
\c@pgf@countb=\count135
\c@pgf@countc=\count136
\c@pgf@countd=\count137
\t@pgf@toka=\toks33
\t@pgf@tokb=\toks34
\t@pgf@tokc=\toks35

(/usr/share/texlive/texmf-dist/tex/generic/pgf/systemlayer/pgf.cfg
File: pgf.cfg 2008/05/14  (rcs-revision 1.7)
)
Driver file for pgf: pgfsys-pdftex.def

(/usr/share/texlive/texmf-dist/tex/generic/pgf/systemlayer/pgfsys-pdftex.def
File: pgfsys-pdftex.def 2014/10/11  (rcs-revision 1.35)

(/usr/share/texlive/texmf-dist/tex/generic/pgf/systemlayer/pgfsys-common-pdf.de
f
File: pgfsys-common-pdf.def 2013/10/10  (rcs-revision 1.13)
)))
(/usr/share/texlive/texmf-dist/tex/generic/pgf/systemlayer/pgfsyssoftpath.code.
tex
File: pgfsyssoftpath.code.tex 2013/09/09  (rcs-revision 1.9)
\pgfsyssoftpath@smallbuffer@items=\count138
\pgfsyssoftpath@bigbuffer@items=\count139
)
(/usr/share/texlive/texmf-dist/tex/generic/pgf/systemlayer/pgfsysprotocol.code.
tex
File: pgfsysprotocol.code.tex 2006/10/16  (rcs-revision 1.4)
)) (/usr/share/texlive/texmf-dist/tex/latex/xcolor/xcolor.sty
Package: xcolor 2016/05/11 v2.12 LaTeX color extensions (UK)

(/usr/share/texlive/texmf-dist/tex/latex/graphics-cfg/color.cfg
File: color.cfg 2016/01/02 v1.6 sample color configuration
)
Package xcolor Info: Driver file: pdftex.def on input line 225.
LaTeX Info: Redefining \color on input line 709.
Package xcolor Info: Model `cmy' substituted by `cmy0' on input line 1348.
Package xcolor Info: Model `hsb' substituted by `rgb' on input line 1352.
Package xcolor Info: Model `RGB' extended on input line 1364.
Package xcolor Info: Model `HTML' substituted by `rgb' on input line 1366.
Package xcolor Info: Model `Hsb' substituted by `hsb' on input line 1367.
Package xcolor Info: Model `tHsb' substituted by `hsb' on input line 1368.
Package xcolor Info: Model `HSB' substituted by `hsb' on input line 1369.
Package xcolor Info: Model `Gray' substituted by `gray' on input line 1370.
Package xcolor Info: Model `wave' substituted by `hsb' on input line 1371.
)
(/usr/share/texlive/texmf-dist/tex/generic/pgf/basiclayer/pgfcore.code.tex
Package: pgfcore 2010/04/11 v3.0.1a (rcs-revision 1.7)

(/usr/share/texlive/texmf-dist/tex/generic/pgf/math/pgfmath.code.tex
(/usr/share/texlive/texmf-dist/tex/generic/pgf/math/pgfmathcalc.code.tex
(/usr/share/texlive/texmf-dist/tex/generic/pgf/math/pgfmathutil.code.tex)
(/usr/share/texlive/texmf-dist/tex/generic/pgf/math/pgfmathparser.code.tex
\pgfmath@dimen=\dimen152
\pgfmath@count=\count140
\pgfmath@box=\box31
\pgfmath@toks=\toks36
\pgfmath@stack@operand=\toks37
\pgfmath@stack@operation=\toks38
)
(/usr/share/texlive/texmf-dist/tex/generic/pgf/math/pgfmathfunctions.code.tex
(/usr/share/texlive/texmf-dist/tex/generic/pgf/math/pgfmathfunctions.basic.code
.tex)
(/usr/share/texlive/texmf-dist/tex/generic/pgf/math/pgfmathfunctions.trigonomet
ric.code.tex)
(/usr/share/texlive/texmf-dist/tex/generic/pgf/math/pgfmathfunctions.random.cod
e.tex)
(/usr/share/texlive/texmf-dist/tex/generic/pgf/math/pgfmathfunctions.comparison
.code.tex)
(/usr/share/texlive/texmf-dist/tex/generic/pgf/math/pgfmathfunctions.base.code.
tex)
(/usr/share/texlive/texmf-dist/tex/generic/pgf/math/pgfmathfunctions.round.code
.tex)
(/usr/share/texlive/texmf-dist/tex/generic/pgf/math/pgfmathfunctions.misc.code.
tex)
(/usr/share/texlive/texmf-dist/tex/generic/pgf/math/pgfmathfunctions.integerari
thmetics.code.tex)))
(/usr/share/texlive/texmf-dist/tex/generic/pgf/math/pgfmathfloat.code.tex
\c@pgfmathroundto@lastzeros=\count141
))
(/usr/share/texlive/texmf-dist/tex/generic/pgf/basiclayer/pgfcorepoints.code.te
x
File: pgfcorepoints.code.tex 2013/10/07  (rcs-revision 1.27)
\pgf@picminx=\dimen153
\pgf@picmaxx=\dimen154
\pgf@picminy=\dimen155
\pgf@picmaxy=\dimen156
\pgf@pathminx=\dimen157
\pgf@pathmaxx=\dimen158
\pgf@pathminy=\dimen159
\pgf@pathmaxy=\dimen160
\pgf@xx=\dimen161
\pgf@xy=\dimen162
\pgf@yx=\dimen163
\pgf@yy=\dimen164
\pgf@zx=\dimen165
\pgf@zy=\dimen166
)
(/usr/share/texlive/texmf-dist/tex/generic/pgf/basiclayer/pgfcorepathconstruct.
code.tex
File: pgfcorepathconstruct.code.tex 2013/10/07  (rcs-revision 1.29)
\pgf@path@lastx=\dimen167
\pgf@path@lasty=\dimen168
)
(/usr/share/texlive/texmf-dist/tex/generic/pgf/basiclayer/pgfcorepathusage.code
.tex
File: pgfcorepathusage.code.tex 2014/11/02  (rcs-revision 1.24)
\pgf@shorten@end@additional=\dimen169
\pgf@shorten@start@additional=\dimen170
)
(/usr/share/texlive/texmf-dist/tex/generic/pgf/basiclayer/pgfcorescopes.code.te
x
File: pgfcorescopes.code.tex 2015/05/08  (rcs-revision 1.46)
\pgfpic=\box32
\pgf@hbox=\box33
\pgf@layerbox@main=\box34
\pgf@picture@serial@count=\count142
)
(/usr/share/texlive/texmf-dist/tex/generic/pgf/basiclayer/pgfcoregraphicstate.c
ode.tex
File: pgfcoregraphicstate.code.tex 2014/11/02  (rcs-revision 1.12)
\pgflinewidth=\dimen171
)
(/usr/share/texlive/texmf-dist/tex/generic/pgf/basiclayer/pgfcoretransformation
s.code.tex
File: pgfcoretransformations.code.tex 2015/08/07  (rcs-revision 1.20)
\pgf@pt@x=\dimen172
\pgf@pt@y=\dimen173
\pgf@pt@temp=\dimen174
)
(/usr/share/texlive/texmf-dist/tex/generic/pgf/basiclayer/pgfcorequick.code.tex
File: pgfcorequick.code.tex 2008/10/09  (rcs-revision 1.3)
)
(/usr/share/texlive/texmf-dist/tex/generic/pgf/basiclayer/pgfcoreobjects.code.t
ex
File: pgfcoreobjects.code.tex 2006/10/11  (rcs-revision 1.2)
)
(/usr/share/texlive/texmf-dist/tex/generic/pgf/basiclayer/pgfcorepathprocessing
.code.tex
File: pgfcorepathprocessing.code.tex 2013/09/09  (rcs-revision 1.9)
)
(/usr/share/texlive/texmf-dist/tex/generic/pgf/basiclayer/pgfcorearrows.code.te
x
File: pgfcorearrows.code.tex 2015/05/14  (rcs-revision 1.43)
\pgfarrowsep=\dimen175
)
(/usr/share/texlive/texmf-dist/tex/generic/pgf/basiclayer/pgfcoreshade.code.tex
File: pgfcoreshade.code.tex 2013/07/15  (rcs-revision 1.15)
\pgf@max=\dimen176
\pgf@sys@shading@range@num=\count143
)
(/usr/share/texlive/texmf-dist/tex/generic/pgf/basiclayer/pgfcoreimage.code.tex
File: pgfcoreimage.code.tex 2013/07/15  (rcs-revision 1.18)

(/usr/share/texlive/texmf-dist/tex/generic/pgf/basiclayer/pgfcoreexternal.code.
tex
File: pgfcoreexternal.code.tex 2014/07/09  (rcs-revision 1.21)
\pgfexternal@startupbox=\box35
))
(/usr/share/texlive/texmf-dist/tex/generic/pgf/basiclayer/pgfcorelayers.code.te
x
File: pgfcorelayers.code.tex 2013/07/18  (rcs-revision 1.7)
)
(/usr/share/texlive/texmf-dist/tex/generic/pgf/basiclayer/pgfcoretransparency.c
ode.tex
File: pgfcoretransparency.code.tex 2013/09/30  (rcs-revision 1.5)
)
(/usr/share/texlive/texmf-dist/tex/generic/pgf/basiclayer/pgfcorepatterns.code.
tex
File: pgfcorepatterns.code.tex 2013/11/07  (rcs-revision 1.5)
)))
(/usr/share/texlive/texmf-dist/tex/generic/pgf/modules/pgfmoduleshapes.code.tex
File: pgfmoduleshapes.code.tex 2014/03/21  (rcs-revision 1.35)
\pgfnodeparttextbox=\box36
) (/usr/share/texlive/texmf-dist/tex/generic/pgf/modules/pgfmoduleplot.code.tex
File: pgfmoduleplot.code.tex 2015/08/03  (rcs-revision 1.13)
)
(/usr/share/texlive/texmf-dist/tex/latex/pgf/compatibility/pgfcomp-version-0-65
.sty
Package: pgfcomp-version-0-65 2007/07/03 v3.0.1a (rcs-revision 1.7)
\pgf@nodesepstart=\dimen177
\pgf@nodesepend=\dimen178
)
(/usr/share/texlive/texmf-dist/tex/latex/pgf/compatibility/pgfcomp-version-1-18
.sty
Package: pgfcomp-version-1-18 2007/07/23 v3.0.1a (rcs-revision 1.1)
)) (/usr/share/texlive/texmf-dist/tex/latex/pgf/utilities/pgffor.sty
(/usr/share/texlive/texmf-dist/tex/latex/pgf/math/pgfmath.sty
(/usr/share/texlive/texmf-dist/tex/generic/pgf/math/pgfmath.code.tex))
(/usr/share/texlive/texmf-dist/tex/generic/pgf/utilities/pgffor.code.tex
Package: pgffor 2013/12/13 v3.0.1a (rcs-revision 1.25)

(/usr/share/texlive/texmf-dist/tex/generic/pgf/math/pgfmath.code.tex)
\pgffor@iter=\dimen179
\pgffor@skip=\dimen180
\pgffor@stack=\toks39
\pgffor@toks=\toks40
))
(/usr/share/texlive/texmf-dist/tex/generic/pgf/frontendlayer/tikz/tikz.code.tex
Package: tikz 2015/08/07 v3.0.1a (rcs-revision 1.151)

(/usr/share/texlive/texmf-dist/tex/generic/pgf/libraries/pgflibraryplothandlers
.code.tex
File: pgflibraryplothandlers.code.tex 2013/08/31 v3.0.1a (rcs-revision 1.20)
\pgf@plot@mark@count=\count144
\pgfplotmarksize=\dimen181
)
\tikz@lastx=\dimen182
\tikz@lasty=\dimen183
\tikz@lastxsaved=\dimen184
\tikz@lastysaved=\dimen185
\tikzleveldistance=\dimen186
\tikzsiblingdistance=\dimen187
\tikz@figbox=\box37
\tikz@figbox@bg=\box38
\tikz@tempbox=\box39
\tikz@tempbox@bg=\box40
\tikztreelevel=\count145
\tikznumberofchildren=\count146
\tikznumberofcurrentchild=\count147
\tikz@fig@count=\count148

(/usr/share/texlive/texmf-dist/tex/generic/pgf/modules/pgfmodulematrix.code.tex
File: pgfmodulematrix.code.tex 2013/09/17  (rcs-revision 1.8)
\pgfmatrixcurrentrow=\count149
\pgfmatrixcurrentcolumn=\count150
\pgf@matrix@numberofcolumns=\count151
)
\tikz@expandcount=\count152

(/usr/share/texlive/texmf-dist/tex/generic/pgf/frontendlayer/tikz/libraries/tik
zlibrarytopaths.code.tex
File: tikzlibrarytopaths.code.tex 2008/06/17 v3.0.1a (rcs-revision 1.2)
)))
(/usr/share/texlive/texmf-dist/tex/generic/pgfplots/pgfplots.code.tex
(/usr/share/texlive/texmf-dist/tex/generic/pgfplots/pgfplotscore.code.tex
\t@pgfplots@toka=\toks41
\t@pgfplots@tokb=\toks42
\t@pgfplots@tokc=\toks43
\pgfplots@tmpa=\dimen188
\c@pgfplots@coordindex=\count153
\c@pgfplots@scanlineindex=\count154

(/usr/share/texlive/texmf-dist/tex/generic/pgfplots/sys/pgfplotssysgeneric.code
.tex))
(/usr/share/texlive/texmf-dist/tex/generic/pgfplots/libs/pgfplotslibrary.code.t
ex)
(/usr/share/texlive/texmf-dist/tex/generic/pgfplots/oldpgfcompatib/pgfplotsoldp
gfsupp_loader.code.tex
(/usr/share/texlive/texmf-dist/tex/generic/pgf/libraries/pgflibraryfpu.code.tex
)
Package pgfplots: loading complementary arithmetics for your pgf version...

(/usr/share/texlive/texmf-dist/tex/generic/pgfplots/oldpgfcompatib/pgfplotsoldp
gfsupp_pgflibraryfpu.code.tex)
(/usr/share/texlive/texmf-dist/tex/generic/pgfplots/oldpgfcompatib/pgfplotsoldp
gfsupp_pgfmathfloat.code.tex
\c@pgfmathroundto@lastzeros=\count155
))
(/usr/share/texlive/texmf-dist/tex/generic/pgfplots/util/pgfplotsutil.code.tex
(/usr/share/texlive/texmf-dist/tex/generic/pgfplots/liststructure/pgfplotslists
tructure.code.tex)
(/usr/share/texlive/texmf-dist/tex/generic/pgfplots/liststructure/pgfplotslists
tructureext.code.tex)
(/usr/share/texlive/texmf-dist/tex/generic/pgfplots/liststructure/pgfplotsarray
.code.tex
\c@pgfplotsarray@tmp=\count156
)
(/usr/share/texlive/texmf-dist/tex/generic/pgfplots/liststructure/pgfplotsmatri
x.code.tex)
(/usr/share/texlive/texmf-dist/tex/generic/pgfplots/numtable/pgfplotstableshare
d.code.tex
\c@pgfplotstable@counta=\count157
\t@pgfplotstable@a=\toks44
)
(/usr/share/texlive/texmf-dist/tex/generic/pgfplots/liststructure/pgfplotsdeque
.code.tex)
(/usr/share/texlive/texmf-dist/tex/generic/pgfplots/util/pgfplotsbinary.code.te
x
(/usr/share/texlive/texmf-dist/tex/generic/pgfplots/util/pgfplotsbinary.data.co
de.tex))
(/usr/share/texlive/texmf-dist/tex/generic/pgfplots/util/pgfplotsutil.verb.code
.tex)
(/usr/share/texlive/texmf-dist/tex/generic/pgfplots/libs/pgflibrarypgfplots.sur
fshading.code.tex
\c@pgfplotslibrarysurf@no=\count158

(/usr/share/texlive/texmf-dist/tex/generic/pgfplots/sys/pgflibrarypgfplots.surf
shading.pgfsys-pdftex.def)))
(/usr/share/texlive/texmf-dist/tex/generic/pgfplots/util/pgfplotscolormap.code.
tex
(/usr/share/texlive/texmf-dist/tex/generic/pgfplots/util/pgfplotscolor.code.tex
))
(/usr/share/texlive/texmf-dist/tex/generic/pgfplots/pgfplotsstackedplots.code.t
ex)
(/usr/share/texlive/texmf-dist/tex/generic/pgfplots/pgfplotsplothandlers.code.t
ex
(/usr/share/texlive/texmf-dist/tex/generic/pgfplots/pgfplotsmeshplothandler.cod
e.tex
(/usr/share/texlive/texmf-dist/tex/generic/pgfplots/pgfplotsmeshplotimage.code.
tex)))
(/usr/share/texlive/texmf-dist/tex/generic/pgfplots/pgfplots.scaling.code.tex)
(/usr/share/texlive/texmf-dist/tex/generic/pgfplots/pgfplotscoordprocessing.cod
e.tex)
(/usr/share/texlive/texmf-dist/tex/generic/pgfplots/pgfplots.errorbars.code.tex
) (/usr/share/texlive/texmf-dist/tex/generic/pgfplots/pgfplots.markers.code.tex
) (/usr/share/texlive/texmf-dist/tex/generic/pgfplots/pgfplotsticks.code.tex)
(/usr/share/texlive/texmf-dist/tex/generic/pgfplots/pgfplots.paths.code.tex)
(/usr/share/texlive/texmf-dist/tex/generic/pgf/frontendlayer/tikz/libraries/tik
zlibrarydecorations.code.tex
(/usr/share/texlive/texmf-dist/tex/generic/pgf/modules/pgfmoduledecorations.cod
e.tex
\pgfdecoratedcompleteddistance=\dimen189
\pgfdecoratedremainingdistance=\dimen190
\pgfdecoratedinputsegmentcompleteddistance=\dimen191
\pgfdecoratedinputsegmentremainingdistance=\dimen192
\pgf@decorate@distancetomove=\dimen193
\pgf@decorate@repeatstate=\count159
\pgfdecorationsegmentamplitude=\dimen194
\pgfdecorationsegmentlength=\dimen195
)
\tikz@lib@dec@box=\box41
)
(/usr/share/texlive/texmf-dist/tex/generic/pgf/frontendlayer/tikz/libraries/tik
zlibrarydecorations.pathmorphing.code.tex
(/usr/share/texlive/texmf-dist/tex/generic/pgf/libraries/decorations/pgflibrary
decorations.pathmorphing.code.tex))
(/usr/share/texlive/texmf-dist/tex/generic/pgf/frontendlayer/tikz/libraries/tik
zlibrarydecorations.pathreplacing.code.tex
(/usr/share/texlive/texmf-dist/tex/generic/pgf/libraries/decorations/pgflibrary
decorations.pathreplacing.code.tex))
\pgfplots@numplots=\count160
\pgfplots@xmin@reg=\dimen196
\pgfplots@xmax@reg=\dimen197
\pgfplots@ymin@reg=\dimen198
\pgfplots@ymax@reg=\dimen199
\pgfplots@zmin@reg=\dimen256
\pgfplots@zmax@reg=\dimen257
)
(/usr/share/texlive/texmf-dist/tex/generic/pgf/frontendlayer/tikz/libraries/tik
zlibraryplotmarks.code.tex
File: tikzlibraryplotmarks.code.tex 2008/01/09 v3.0.1a (rcs-revision 1.1)

(/usr/share/texlive/texmf-dist/tex/generic/pgf/libraries/pgflibraryplotmarks.co
de.tex
File: pgflibraryplotmarks.code.tex 2015/08/03 v3.0.1a (rcs-revision 1.14)
)))
(/usr/share/texlive/texmf-dist/tex/generic/pgfplots/numtable/pgfplotstable.code
.tex
(/usr/share/texlive/texmf-dist/tex/generic/pgfplots/numtable/pgfplotstable.colt
ype.code.tex)) (/usr/share/texlive/texmf-dist/tex/latex/tools/array.sty
Package: array 2016/10/06 v2.4d Tabular extension package (FMi)
\col@sep=\dimen258
\extrarowheight=\dimen259
\NC@list=\toks45
\extratabsurround=\skip54
\backup@length=\skip55
))
(/usr/share/texlive/texmf-dist/tex/latex/filecontents/filecontents.sty
Package: filecontents 2011/10/08 v1.3 Create an external file from within a LaT
eX document
)
(/home/kai/texmf/tex/latex/algorithms/algorithm.sty
Package: algorithm 2009/08/24 v0.1 Document Style `algorithm' - floating enviro
nment

(/usr/share/texlive/texmf-dist/tex/latex/float/float.sty
Package: float 2001/11/08 v1.3d Float enhancements (AL)
\c@float@type=\count161
\float@exts=\toks46
\float@box=\box42
\@float@everytoks=\toks47
\@floatcapt=\box43
)
\@float@every@algorithm=\toks48
\c@algorithm=\count162
)
(/home/kai/texmf/tex/latex/algorithmicx/algpseudocode.sty
Package: algpseudocode 

(/home/kai/texmf/tex/latex/algorithmicx/algorithmicx.sty
Package: algorithmicx 2005/04/27 v1.2 Algorithmicx

Document Style algorithmicx 1.2 - a greatly improved `algorithmic' style
\c@ALG@line=\count163
\c@ALG@rem=\count164
\c@ALG@nested=\count165
\ALG@tlm=\skip56
\ALG@thistlm=\skip57
\c@ALG@Lnr=\count166
\c@ALG@blocknr=\count167
\c@ALG@storecount=\count168
\c@ALG@tmpcounter=\count169
\ALG@tmplength=\skip58
)
Document Style - pseudocode environments for use with the `algorithmicx' style
) (/usr/share/texlive/texmf-dist/tex/latex/appendix/appendix.sty
Package: appendix 2009/09/02 v1.2b extra appendix facilities
\c@@pps=\count170
\c@@ppsavesec=\count171
\c@@ppsaveapp=\count172
)
(/usr/share/texlive/texmf-dist/tex/latex/tools/longtable.sty
Package: longtable 2014/10/28 v4.11 Multi-page Table package (DPC)
\LTleft=\skip59
\LTright=\skip60
\LTpre=\skip61
\LTpost=\skip62
\LTchunksize=\count173
\LTcapwidth=\dimen260
\LT@head=\box44
\LT@firsthead=\box45
\LT@foot=\box46
\LT@lastfoot=\box47
\LT@cols=\count174
\LT@rows=\count175
\c@LT@tables=\count176
\c@LT@chunks=\count177
\LT@p@ftn=\toks49
)
(/usr/share/texlive/texmf-dist/tex/latex/caption/subcaption.sty
Package: subcaption 2016/05/22 v1.1-161 Sub-captions (AR)

(/usr/share/texlive/texmf-dist/tex/latex/caption/caption.sty
Package: caption 2016/02/21 v3.3-144 Customizing captions (AR)

(/usr/share/texlive/texmf-dist/tex/latex/caption/caption3.sty
Package: caption3 2016/05/22 v1.7-166 caption3 kernel (AR)
Package caption3 Info: TeX engine: e-TeX on input line 67.
\captionmargin=\dimen261
\captionmargin@=\dimen262
\captionwidth=\dimen263
\caption@tempdima=\dimen264
\caption@indent=\dimen265
\caption@parindent=\dimen266
\caption@hangindent=\dimen267
)
\c@ContinuedFloat=\count178
Package caption Info: float package is loaded.
Package caption Info: hyperref package is loaded.
Package caption Info: listings package is loaded.
Package caption Info: longtable package is loaded.

(/usr/share/texlive/texmf-dist/tex/latex/caption/ltcaption.sty
Package: ltcaption 2013/06/09 v1.4-94 longtable captions (AR)
))
\c@subfigure=\count179
\c@subtable=\count180
)
\c@theo=\count181

(/usr/share/texlive/texmf-dist/tex/latex/base/inputenc.sty
Package: inputenc 2015/03/17 v1.2c Input encoding file
\inpenc@prehook=\toks50
\inpenc@posthook=\toks51

(/usr/share/texlive/texmf-dist/tex/latex/base/utf8.def
File: utf8.def 2017/01/28 v1.1t UTF-8 support for inputenc
Now handling font encoding OML ...
... no UTF-8 mapping file for font encoding OML
Now handling font encoding T1 ...
... processing UTF-8 mapping file for font encoding T1

(/usr/share/texlive/texmf-dist/tex/latex/base/t1enc.dfu
File: t1enc.dfu 2017/01/28 v1.1t UTF-8 support for inputenc
   defining Unicode char U+00A0 (decimal 160)
   defining Unicode char U+00A1 (decimal 161)
   defining Unicode char U+00A3 (decimal 163)
   defining Unicode char U+00AB (decimal 171)
   defining Unicode char U+00AD (decimal 173)
   defining Unicode char U+00BB (decimal 187)
   defining Unicode char U+00BF (decimal 191)
   defining Unicode char U+00C0 (decimal 192)
   defining Unicode char U+00C1 (decimal 193)
   defining Unicode char U+00C2 (decimal 194)
   defining Unicode char U+00C3 (decimal 195)
   defining Unicode char U+00C4 (decimal 196)
   defining Unicode char U+00C5 (decimal 197)
   defining Unicode char U+00C6 (decimal 198)
   defining Unicode char U+00C7 (decimal 199)
   defining Unicode char U+00C8 (decimal 200)
   defining Unicode char U+00C9 (decimal 201)
   defining Unicode char U+00CA (decimal 202)
   defining Unicode char U+00CB (decimal 203)
   defining Unicode char U+00CC (decimal 204)
   defining Unicode char U+00CD (decimal 205)
   defining Unicode char U+00CE (decimal 206)
   defining Unicode char U+00CF (decimal 207)
   defining Unicode char U+00D0 (decimal 208)
   defining Unicode char U+00D1 (decimal 209)
   defining Unicode char U+00D2 (decimal 210)
   defining Unicode char U+00D3 (decimal 211)
   defining Unicode char U+00D4 (decimal 212)
   defining Unicode char U+00D5 (decimal 213)
   defining Unicode char U+00D6 (decimal 214)
   defining Unicode char U+00D8 (decimal 216)
   defining Unicode char U+00D9 (decimal 217)
   defining Unicode char U+00DA (decimal 218)
   defining Unicode char U+00DB (decimal 219)
   defining Unicode char U+00DC (decimal 220)
   defining Unicode char U+00DD (decimal 221)
   defining Unicode char U+00DE (decimal 222)
   defining Unicode char U+00DF (decimal 223)
   defining Unicode char U+00E0 (decimal 224)
   defining Unicode char U+00E1 (decimal 225)
   defining Unicode char U+00E2 (decimal 226)
   defining Unicode char U+00E3 (decimal 227)
   defining Unicode char U+00E4 (decimal 228)
   defining Unicode char U+00E5 (decimal 229)
   defining Unicode char U+00E6 (decimal 230)
   defining Unicode char U+00E7 (decimal 231)
   defining Unicode char U+00E8 (decimal 232)
   defining Unicode char U+00E9 (decimal 233)
   defining Unicode char U+00EA (decimal 234)
   defining Unicode char U+00EB (decimal 235)
   defining Unicode char U+00EC (decimal 236)
   defining Unicode char U+00ED (decimal 237)
   defining Unicode char U+00EE (decimal 238)
   defining Unicode char U+00EF (decimal 239)
   defining Unicode char U+00F0 (decimal 240)
   defining Unicode char U+00F1 (decimal 241)
   defining Unicode char U+00F2 (decimal 242)
   defining Unicode char U+00F3 (decimal 243)
   defining Unicode char U+00F4 (decimal 244)
   defining Unicode char U+00F5 (decimal 245)
   defining Unicode char U+00F6 (decimal 246)
   defining Unicode char U+00F8 (decimal 248)
   defining Unicode char U+00F9 (decimal 249)
   defining Unicode char U+00FA (decimal 250)
   defining Unicode char U+00FB (decimal 251)
   defining Unicode char U+00FC (decimal 252)
   defining Unicode char U+00FD (decimal 253)
   defining Unicode char U+00FE (decimal 254)
   defining Unicode char U+00FF (decimal 255)
   defining Unicode char U+0100 (decimal 256)
   defining Unicode char U+0101 (decimal 257)
   defining Unicode char U+0102 (decimal 258)
   defining Unicode char U+0103 (decimal 259)
   defining Unicode char U+0104 (decimal 260)
   defining Unicode char U+0105 (decimal 261)
   defining Unicode char U+0106 (decimal 262)
   defining Unicode char U+0107 (decimal 263)
   defining Unicode char U+0108 (decimal 264)
   defining Unicode char U+0109 (decimal 265)
   defining Unicode char U+010A (decimal 266)
   defining Unicode char U+010B (decimal 267)
   defining Unicode char U+010C (decimal 268)
   defining Unicode char U+010D (decimal 269)
   defining Unicode char U+010E (decimal 270)
   defining Unicode char U+010F (decimal 271)
   defining Unicode char U+0110 (decimal 272)
   defining Unicode char U+0111 (decimal 273)
   defining Unicode char U+0112 (decimal 274)
   defining Unicode char U+0113 (decimal 275)
   defining Unicode char U+0114 (decimal 276)
   defining Unicode char U+0115 (decimal 277)
   defining Unicode char U+0116 (decimal 278)
   defining Unicode char U+0117 (decimal 279)
   defining Unicode char U+0118 (decimal 280)
   defining Unicode char U+0119 (decimal 281)
   defining Unicode char U+011A (decimal 282)
   defining Unicode char U+011B (decimal 283)
   defining Unicode char U+011C (decimal 284)
   defining Unicode char U+011D (decimal 285)
   defining Unicode char U+011E (decimal 286)
   defining Unicode char U+011F (decimal 287)
   defining Unicode char U+0120 (decimal 288)
   defining Unicode char U+0121 (decimal 289)
   defining Unicode char U+0122 (decimal 290)
   defining Unicode char U+0123 (decimal 291)
   defining Unicode char U+0124 (decimal 292)
   defining Unicode char U+0125 (decimal 293)
   defining Unicode char U+0128 (decimal 296)
   defining Unicode char U+0129 (decimal 297)
   defining Unicode char U+012A (decimal 298)
   defining Unicode char U+012B (decimal 299)
   defining Unicode char U+012C (decimal 300)
   defining Unicode char U+012D (decimal 301)
   defining Unicode char U+012E (decimal 302)
   defining Unicode char U+012F (decimal 303)
   defining Unicode char U+0130 (decimal 304)
   defining Unicode char U+0131 (decimal 305)
   defining Unicode char U+0132 (decimal 306)
   defining Unicode char U+0133 (decimal 307)
   defining Unicode char U+0134 (decimal 308)
   defining Unicode char U+0135 (decimal 309)
   defining Unicode char U+0136 (decimal 310)
   defining Unicode char U+0137 (decimal 311)
   defining Unicode char U+0139 (decimal 313)
   defining Unicode char U+013A (decimal 314)
   defining Unicode char U+013B (decimal 315)
   defining Unicode char U+013C (decimal 316)
   defining Unicode char U+013D (decimal 317)
   defining Unicode char U+013E (decimal 318)
   defining Unicode char U+0141 (decimal 321)
   defining Unicode char U+0142 (decimal 322)
   defining Unicode char U+0143 (decimal 323)
   defining Unicode char U+0144 (decimal 324)
   defining Unicode char U+0145 (decimal 325)
   defining Unicode char U+0146 (decimal 326)
   defining Unicode char U+0147 (decimal 327)
   defining Unicode char U+0148 (decimal 328)
   defining Unicode char U+014A (decimal 330)
   defining Unicode char U+014B (decimal 331)
   defining Unicode char U+014C (decimal 332)
   defining Unicode char U+014D (decimal 333)
   defining Unicode char U+014E (decimal 334)
   defining Unicode char U+014F (decimal 335)
   defining Unicode char U+0150 (decimal 336)
   defining Unicode char U+0151 (decimal 337)
   defining Unicode char U+0152 (decimal 338)
   defining Unicode char U+0153 (decimal 339)
   defining Unicode char U+0154 (decimal 340)
   defining Unicode char U+0155 (decimal 341)
   defining Unicode char U+0156 (decimal 342)
   defining Unicode char U+0157 (decimal 343)
   defining Unicode char U+0158 (decimal 344)
   defining Unicode char U+0159 (decimal 345)
   defining Unicode char U+015A (decimal 346)
   defining Unicode char U+015B (decimal 347)
   defining Unicode char U+015C (decimal 348)
   defining Unicode char U+015D (decimal 349)
   defining Unicode char U+015E (decimal 350)
   defining Unicode char U+015F (decimal 351)
   defining Unicode char U+0160 (decimal 352)
   defining Unicode char U+0161 (decimal 353)
   defining Unicode char U+0162 (decimal 354)
   defining Unicode char U+0163 (decimal 355)
   defining Unicode char U+0164 (decimal 356)
   defining Unicode char U+0165 (decimal 357)
   defining Unicode char U+0168 (decimal 360)
   defining Unicode char U+0169 (decimal 361)
   defining Unicode char U+016A (decimal 362)
   defining Unicode char U+016B (decimal 363)
   defining Unicode char U+016C (decimal 364)
   defining Unicode char U+016D (decimal 365)
   defining Unicode char U+016E (decimal 366)
   defining Unicode char U+016F (decimal 367)
   defining Unicode char U+0170 (decimal 368)
   defining Unicode char U+0171 (decimal 369)
   defining Unicode char U+0172 (decimal 370)
   defining Unicode char U+0173 (decimal 371)
   defining Unicode char U+0174 (decimal 372)
   defining Unicode char U+0175 (decimal 373)
   defining Unicode char U+0176 (decimal 374)
   defining Unicode char U+0177 (decimal 375)
   defining Unicode char U+0178 (decimal 376)
   defining Unicode char U+0179 (decimal 377)
   defining Unicode char U+017A (decimal 378)
   defining Unicode char U+017B (decimal 379)
   defining Unicode char U+017C (decimal 380)
   defining Unicode char U+017D (decimal 381)
   defining Unicode char U+017E (decimal 382)
   defining Unicode char U+01CD (decimal 461)
   defining Unicode char U+01CE (decimal 462)
   defining Unicode char U+01CF (decimal 463)
   defining Unicode char U+01D0 (decimal 464)
   defining Unicode char U+01D1 (decimal 465)
   defining Unicode char U+01D2 (decimal 466)
   defining Unicode char U+01D3 (decimal 467)
   defining Unicode char U+01D4 (decimal 468)
   defining Unicode char U+01E2 (decimal 482)
   defining Unicode char U+01E3 (decimal 483)
   defining Unicode char U+01E6 (decimal 486)
   defining Unicode char U+01E7 (decimal 487)
   defining Unicode char U+01E8 (decimal 488)
   defining Unicode char U+01E9 (decimal 489)
   defining Unicode char U+01EA (decimal 490)
   defining Unicode char U+01EB (decimal 491)
   defining Unicode char U+01F0 (decimal 496)
   defining Unicode char U+01F4 (decimal 500)
   defining Unicode char U+01F5 (decimal 501)
   defining Unicode char U+0218 (decimal 536)
   defining Unicode char U+0219 (decimal 537)
   defining Unicode char U+021A (decimal 538)
   defining Unicode char U+021B (decimal 539)
   defining Unicode char U+0232 (decimal 562)
   defining Unicode char U+0233 (decimal 563)
   defining Unicode char U+1E02 (decimal 7682)
   defining Unicode char U+1E03 (decimal 7683)
   defining Unicode char U+200C (decimal 8204)
   defining Unicode char U+2010 (decimal 8208)
   defining Unicode char U+2011 (decimal 8209)
   defining Unicode char U+2012 (decimal 8210)
   defining Unicode char U+2013 (decimal 8211)
   defining Unicode char U+2014 (decimal 8212)
   defining Unicode char U+2015 (decimal 8213)
   defining Unicode char U+2018 (decimal 8216)
   defining Unicode char U+2019 (decimal 8217)
   defining Unicode char U+201A (decimal 8218)
   defining Unicode char U+201C (decimal 8220)
   defining Unicode char U+201D (decimal 8221)
   defining Unicode char U+201E (decimal 8222)
   defining Unicode char U+2030 (decimal 8240)
   defining Unicode char U+2031 (decimal 8241)
   defining Unicode char U+2039 (decimal 8249)
   defining Unicode char U+203A (decimal 8250)
   defining Unicode char U+2423 (decimal 9251)
   defining Unicode char U+1E20 (decimal 7712)
   defining Unicode char U+1E21 (decimal 7713)
)
Now handling font encoding OT1 ...
... processing UTF-8 mapping file for font encoding OT1

(/usr/share/texlive/texmf-dist/tex/latex/base/ot1enc.dfu
File: ot1enc.dfu 2017/01/28 v1.1t UTF-8 support for inputenc
   defining Unicode char U+00A0 (decimal 160)
   defining Unicode char U+00A1 (decimal 161)
   defining Unicode char U+00A3 (decimal 163)
   defining Unicode char U+00AD (decimal 173)
   defining Unicode char U+00B8 (decimal 184)
   defining Unicode char U+00BF (decimal 191)
   defining Unicode char U+00C5 (decimal 197)
   defining Unicode char U+00C6 (decimal 198)
   defining Unicode char U+00D8 (decimal 216)
   defining Unicode char U+00DF (decimal 223)
   defining Unicode char U+00E6 (decimal 230)
   defining Unicode char U+00EC (decimal 236)
   defining Unicode char U+00ED (decimal 237)
   defining Unicode char U+00EE (decimal 238)
   defining Unicode char U+00EF (decimal 239)
   defining Unicode char U+00F8 (decimal 248)
   defining Unicode char U+0131 (decimal 305)
   defining Unicode char U+0141 (decimal 321)
   defining Unicode char U+0142 (decimal 322)
   defining Unicode char U+0152 (decimal 338)
   defining Unicode char U+0153 (decimal 339)
   defining Unicode char U+0174 (decimal 372)
   defining Unicode char U+0175 (decimal 373)
   defining Unicode char U+0176 (decimal 374)
   defining Unicode char U+0177 (decimal 375)
   defining Unicode char U+0218 (decimal 536)
   defining Unicode char U+0219 (decimal 537)
   defining Unicode char U+021A (decimal 538)
   defining Unicode char U+021B (decimal 539)
   defining Unicode char U+2013 (decimal 8211)
   defining Unicode char U+2014 (decimal 8212)
   defining Unicode char U+2018 (decimal 8216)
   defining Unicode char U+2019 (decimal 8217)
   defining Unicode char U+201C (decimal 8220)
   defining Unicode char U+201D (decimal 8221)
)
Now handling font encoding OMS ...
... processing UTF-8 mapping file for font encoding OMS

(/usr/share/texlive/texmf-dist/tex/latex/base/omsenc.dfu
File: omsenc.dfu 2017/01/28 v1.1t UTF-8 support for inputenc
   defining Unicode char U+00A7 (decimal 167)
   defining Unicode char U+00B6 (decimal 182)
   defining Unicode char U+00B7 (decimal 183)
   defining Unicode char U+2020 (decimal 8224)
   defining Unicode char U+2021 (decimal 8225)
   defining Unicode char U+2022 (decimal 8226)
)
Now handling font encoding OMX ...
... no UTF-8 mapping file for font encoding OMX
Now handling font encoding U ...
... no UTF-8 mapping file for font encoding U
Now handling font encoding PD1 ...
... no UTF-8 mapping file for font encoding PD1
   defining Unicode char U+00A9 (decimal 169)
   defining Unicode char U+00AA (decimal 170)
   defining Unicode char U+00AE (decimal 174)
   defining Unicode char U+00BA (decimal 186)
   defining Unicode char U+02C6 (decimal 710)
   defining Unicode char U+02DC (decimal 732)
   defining Unicode char U+200C (decimal 8204)
   defining Unicode char U+2026 (decimal 8230)
   defining Unicode char U+2122 (decimal 8482)
   defining Unicode char U+2423 (decimal 9251)
))
\c@myteor=\count182
 (./TemplateTesi.aux

LaTeX Warning: Label `table1' multiply defined.


LaTeX Warning: Label `sub@table1' multiply defined.


LaTeX Warning: Label `table1' multiply defined.


LaTeX Warning: Label `sub@table1' multiply defined.


LaTeX Warning: Label `table1' multiply defined.


LaTeX Warning: Label `sub@table1' multiply defined.


LaTeX Warning: Label `table1' multiply defined.


LaTeX Warning: Label `sub@table1' multiply defined.


LaTeX Warning: Label `table1' multiply defined.


LaTeX Warning: Label `sub@table1' multiply defined.


LaTeX Warning: Label `table1' multiply defined.


LaTeX Warning: Label `sub@table1' multiply defined.


LaTeX Warning: Label `table1' multiply defined.


LaTeX Warning: Label `sub@table1' multiply defined.


LaTeX Warning: Label `table1' multiply defined.


LaTeX Warning: Label `sub@table1' multiply defined.


LaTeX Warning: Label `table1' multiply defined.


LaTeX Warning: Label `sub@table1' multiply defined.


LaTeX Warning: Label `table1' multiply defined.


LaTeX Warning: Label `sub@table1' multiply defined.


LaTeX Warning: Label `table1' multiply defined.


LaTeX Warning: Label `sub@table1' multiply defined.


LaTeX Warning: Label `table1' multiply defined.


LaTeX Warning: Label `sub@table1' multiply defined.


LaTeX Warning: Label `table1' multiply defined.


LaTeX Warning: Label `sub@table1' multiply defined.


LaTeX Warning: Label `table1' multiply defined.


LaTeX Warning: Label `sub@table1' multiply defined.


LaTeX Warning: Label `table1' multiply defined.


LaTeX Warning: Label `sub@table1' multiply defined.


LaTeX Warning: Label `table1' multiply defined.


LaTeX Warning: Label `sub@table1' multiply defined.


LaTeX Warning: Label `table1' multiply defined.


LaTeX Warning: Label `sub@table1' multiply defined.


LaTeX Warning: Label `table1' multiply defined.


LaTeX Warning: Label `sub@table1' multiply defined.


LaTeX Warning: Label `table1' multiply defined.


LaTeX Warning: Label `sub@table1' multiply defined.


LaTeX Warning: Label `table1' multiply defined.


LaTeX Warning: Label `sub@table1' multiply defined.


LaTeX Warning: Label `table1' multiply defined.


LaTeX Warning: Label `sub@table1' multiply defined.


LaTeX Warning: Label `table1' multiply defined.


LaTeX Warning: Label `sub@table1' multiply defined.


LaTeX Warning: Label `table1' multiply defined.


LaTeX Warning: Label `sub@table1' multiply defined.


LaTeX Warning: Label `table1' multiply defined.


LaTeX Warning: Label `sub@table1' multiply defined.


LaTeX Warning: Label `table1' multiply defined.


LaTeX Warning: Label `sub@table1' multiply defined.


LaTeX Warning: Label `table1' multiply defined.


LaTeX Warning: Label `sub@table1' multiply defined.


LaTeX Warning: Label `table1' multiply defined.


LaTeX Warning: Label `sub@table1' multiply defined.


LaTeX Warning: Label `table1' multiply defined.


LaTeX Warning: Label `sub@table1' multiply defined.


LaTeX Warning: Label `table1' multiply defined.


LaTeX Warning: Label `sub@table1' multiply defined.


LaTeX Warning: Label `table1' multiply defined.


LaTeX Warning: Label `sub@table1' multiply defined.


LaTeX Warning: Label `table1' multiply defined.


LaTeX Warning: Label `sub@table1' multiply defined.


LaTeX Warning: Label `ROSS' multiply defined.

)
\openout1 = `TemplateTesi.aux'.

LaTeX Font Info:    Checking defaults for OML/cmm/m/it on input line 87.
LaTeX Font Info:    ... okay on input line 87.
LaTeX Font Info:    Checking defaults for T1/cmr/m/n on input line 87.
LaTeX Font Info:    ... okay on input line 87.
LaTeX Font Info:    Checking defaults for OT1/cmr/m/n on input line 87.
LaTeX Font Info:    ... okay on input line 87.
LaTeX Font Info:    Checking defaults for OMS/cmsy/m/n on input line 87.
LaTeX Font Info:    ... okay on input line 87.
LaTeX Font Info:    Checking defaults for OMX/cmex/m/n on input line 87.
LaTeX Font Info:    ... okay on input line 87.
LaTeX Font Info:    Checking defaults for U/cmr/m/n on input line 87.
LaTeX Font Info:    ... okay on input line 87.
LaTeX Font Info:    Checking defaults for PD1/pdf/m/n on input line 87.
LaTeX Font Info:    ... okay on input line 87.

*geometry* driver: auto-detecting
*geometry* detected driver: pdftex
*geometry* verbose mode - [ preamble ] result:
* driver: pdftex
* paper: a4paper
* layout: <same size as paper>
* layoutoffset:(h,v)=(0.0pt,0.0pt)
* modes: 
* h-part:(L,W,R)=(89.62709pt, 418.25368pt, 89.6271pt)
* v-part:(T,H,B)=(101.40665pt, 591.5302pt, 152.11pt)
* \paperwidth=597.50787pt
* \paperheight=845.04684pt
* \textwidth=418.25368pt
* \textheight=591.5302pt
* \oddsidemargin=17.3571pt
* \evensidemargin=17.3571pt
* \topmargin=-7.86334pt
* \headheight=12.0pt
* \headsep=25.0pt
* \topskip=12.0pt
* \footskip=30.0pt
* \marginparwidth=44.0pt
* \marginparsep=10.0pt
* \columnsep=10.0pt
* \skip\footins=10.8pt plus 4.0pt minus 2.0pt
* \hoffset=0.0pt
* \voffset=0.0pt
* \mag=1000
* \@twocolumnfalse
* \@twosidefalse
* \@mparswitchfalse
* \@reversemarginfalse
* (1in=72.27pt=25.4mm, 1cm=28.453pt)

(/usr/share/texlive/texmf-dist/tex/context/base/mkii/supp-pdf.mkii
[Loading MPS to PDF converter (version 2006.09.02).]
\scratchcounter=\count183
\scratchdimen=\dimen268
\scratchbox=\box48
\nofMPsegments=\count184
\nofMParguments=\count185
\everyMPshowfont=\toks52
\MPscratchCnt=\count186
\MPscratchDim=\dimen269
\MPnumerator=\count187
\makeMPintoPDFobject=\count188
\everyMPtoPDFconversion=\toks53
) (/usr/share/texlive/texmf-dist/tex/latex/oberdiek/epstopdf-base.sty
Package: epstopdf-base 2016/05/15 v2.6 Base part for package epstopdf

(/usr/share/texlive/texmf-dist/tex/latex/oberdiek/grfext.sty
Package: grfext 2016/05/16 v1.2 Manage graphics extensions (HO)
)
Package epstopdf-base Info: Redefining graphics rule for `.eps' on input line 4
38.
Package grfext Info: Graphics extension search list:
(grfext)             [.pdf,.png,.jpg,.mps,.jpeg,.jbig2,.jb2,.PDF,.PNG,.JPG,.JPE
G,.JBIG2,.JB2,.eps]
(grfext)             \AppendGraphicsExtensions on input line 456.

(/usr/share/texlive/texmf-dist/tex/latex/latexconfig/epstopdf-sys.cfg
File: epstopdf-sys.cfg 2010/07/13 v1.3 Configuration of (r)epstopdf for TeX Liv
e
))
\AtBeginShipoutBox=\box49
Package hyperref Info: Link coloring OFF on input line 87.

(/usr/share/texlive/texmf-dist/tex/latex/hyperref/nameref.sty
Package: nameref 2016/05/21 v2.44 Cross-referencing by name of section

(/usr/share/texlive/texmf-dist/tex/generic/oberdiek/gettitlestring.sty
Package: gettitlestring 2016/05/16 v1.5 Cleanup title references (HO)
)
\c@section@level=\count189
)
LaTeX Info: Redefining \ref on input line 87.
LaTeX Info: Redefining \pageref on input line 87.
LaTeX Info: Redefining \nameref on input line 87.

(./TemplateTesi.out) (./TemplateTesi.out
pdfTeX warning (Object streams): \pdfobjcompresslevel > 0 requires \pdfminorver
sion > 4. Object streams disabled now.
)
\@outlinefile=\write5
\openout5 = `TemplateTesi.out'.

LaTeX Info: Redefining \it@ocap on input line 87.
LaTeX Info: Redefining \it@ccap on input line 87.


File italian.ldf warning: 
italian.ldf    With OT1 encoding guillemets are poorly faked
italian.ldf    Use T1 encoding
italian.ldf    or specify a font with command \CaporaliFrom
italian.ldf    See the documentation concerning the babel-italian typesetting 
italian.ldf    on input line 87.

\c@lstlisting=\count190
ABD: EveryShipout initializing macros

Package pgfplots Warning: running in backwards compatibility mode (unsuitable t
ick labels; missing features). Consider writing \pgfplotsset{compat=1.15} into 
your preamble.
 on input line 87.

Package caption Info: Begin \AtBeginDocument code.
Package caption Info: End \AtBeginDocument code.
<./images/minerva_2.jpg, id=138, 398.4486pt x 156.585pt>
File: ./images/minerva_2.jpg Graphic file (type jpg)
<use ./images/minerva_2.jpg>
Package pdftex.def Info: ./images/minerva_2.jpg  used on input line 92.
(pdftex.def)             Requested size: 362.01727pt x 142.26378pt.
LaTeX Font Info:    Try loading font information for U+msa on input line 110.
(/usr/share/texlive/texmf-dist/tex/latex/amsfonts/umsa.fd
File: umsa.fd 2013/01/14 v3.01 AMS symbols A
)
LaTeX Font Info:    Try loading font information for U+msb on input line 110.

(/usr/share/texlive/texmf-dist/tex/latex/amsfonts/umsb.fd
File: umsb.fd 2013/01/14 v3.01 AMS symbols B
)
Overfull \hbox (24.00002pt too wide) in paragraph at lines 110--136
[][] 
 []

[1

{/var/lib/texmf/fonts/map/pdftex/updmap/pdftex.map} <./images/minerva_2.jpg>]
LaTeX Font Info:    Try loading font information for OMS+cmr on input line 184.

(/usr/share/texlive/texmf-dist/tex/latex/base/omscmr.fd
File: omscmr.fd 2014/09/29 v2.5h Standard LaTeX font definitions
)
LaTeX Font Info:    Font shape `OMS/cmr/m/n' in size <12> not available
(Font)              Font shape `OMS/cmsy/m/n' tried instead on input line 184.
pdfTeX warning (ext4): destination with the same identifier (name{page.1}) has 
been already used, duplicate ignored
<to be read again> 
                   \relax 
l.185 \item U
             na parte metodologica, in cui si analizzano i metodi ensemble u...
[1] [2] (./TemplateTesi.toc [3

])
\tf@toc=\write6
\openout6 = `TemplateTesi.toc'.

 [4]
Capitolo 1.

Underfull \hbox (badness 10000) in paragraph at lines 196--203

 []


Underfull \hbox (badness 10000) in paragraph at lines 196--203

 []

[5

]
<./images/GO.png, id=227, 574.145pt x 424.58624pt>
File: ./images/GO.png Graphic file (type png)
<use ./images/GO.png>
Package pdftex.def Info: ./images/GO.png  used on input line 221.
(pdftex.def)             Requested size: 172.24483pt x 127.37685pt.
<./images/FunCat.png, id=228, 706.64pt x 445.665pt>
File: ./images/FunCat.png Graphic file (type png)
<use ./images/FunCat.png>
Package pdftex.def Info: ./images/FunCat.png  used on input line 222.
(pdftex.def)             Requested size: 204.92035pt x 129.23953pt.

Underfull \hbox (badness 10000) in paragraph at lines 216--229

 []


Underfull \hbox (badness 10000) in paragraph at lines 216--229

 []

<./images/tpr_rule.png, id=231, 662.475pt x 141.52875pt>
File: ./images/tpr_rule.png Graphic file (type png)
<use ./images/tpr_rule.png>
Package pdftex.def Info: ./images/tpr_rule.png  used on input line 242.
(pdftex.def)             Requested size: 364.36238pt x 77.84105pt.

Underfull \hbox (badness 10000) in paragraph at lines 235--251

 []


Underfull \hbox (badness 10000) in paragraph at lines 235--251

 []


Overfull \hbox (16.6182pt too wide) in paragraph at lines 235--251
\OT1/cmr/m/n/12 In let-te-ra-tu-ra so-no no-ti di-ver-si me-to-di per la pre-di
-zio-ne del-la fun-zio-ne del-le proteine[[]],
 []

[6 <./images/GO.png (PNG copy)> <./images/FunCat.png (PNG copy)>]
Underfull \hbox (badness 10000) in paragraph at lines 258--262

 []

[7 <./images/tpr_rule.png>]
Underfull \hbox (badness 10000) in paragraph at lines 264--271

 []


Underfull \hbox (badness 10000) in paragraph at lines 264--271

 []

[8]
Underfull \hbox (badness 10000) in paragraph at lines 308--313

 []

<./images/ensemble.png, id=283, 538.01pt x 242.9075pt>
File: ./images/ensemble.png Graphic file (type png)
<use ./images/ensemble.png>
Package pdftex.def Info: ./images/ensemble.png  used on input line 321.
(pdftex.def)             Requested size: 322.80849pt x 145.7456pt.

Underfull \hbox (badness 10000) in paragraph at lines 318--328

 []

[9] [10 <./images/ensemble.png>]
Capitolo 2.
<./images/exensemble.png, id=313, 1461.46pt x 763.85374pt>
File: ./images/exensemble.png Graphic file (type png)
<use ./images/exensemble.png>
Package pdftex.def Info: ./images/exensemble.png  used on input line 346.
(pdftex.def)             Requested size: 423.81255pt x 221.5119pt.

Overfull \hbox (5.55887pt too wide) in paragraph at lines 346--347
 [][] 
 []


LaTeX Warning: `h' float specifier changed to `ht'.


Underfull \hbox (badness 10000) in paragraph at lines 352--358

 []


Underfull \hbox (badness 10000) in paragraph at lines 352--358

 []


Underfull \hbox (badness 10000) in paragraph at lines 352--358

 []

[11

]
Underfull \hbox (badness 10000) in paragraph at lines 365--370

 []


Underfull \hbox (badness 10000) in paragraph at lines 374--378

 []

[12 <./images/exensemble.png>]
Underfull \hbox (badness 10000) in paragraph at lines 385--390

 []

Package hyperref Info: bookmark level for unknown algorithm defaults to 0 on in
put line 424.

Underfull \hbox (badness 10000) in paragraph at lines 392--427

 []


Underfull \hbox (badness 10000) in paragraph at lines 434--438

 []

[13] [14] [15]
Overfull \hbox (5.63264pt too wide) in paragraph at lines 500--500
[]\OT1/cmr/bx/n/14.4 Metodo True Path Ru-le con Iso-to-nic Re-gres-sion (ISO-
 []

<./images/monotonic.png, id=363, 733.74126pt x 553.06625pt>
File: ./images/monotonic.png Graphic file (type png)
<use ./images/monotonic.png>
Package pdftex.def Info: ./images/monotonic.png  used on input line 517.
(pdftex.def)             Requested size: 256.81328pt x 193.57608pt.

Underfull \hbox (badness 10000) in paragraph at lines 511--524

 []


Underfull \hbox (badness 10000) in paragraph at lines 511--524

 []


LaTeX Warning: `h' float specifier changed to `ht'.

[16]
Underfull \hbox (badness 10000) in paragraph at lines 533--540

 []


Underfull \hbox (badness 10000) in paragraph at lines 533--540

 []

[17 <./images/monotonic.png>]
Underfull \hbox (badness 10000) in paragraph at lines 560--583

 []


Underfull \hbox (badness 10000) in paragraph at lines 560--583

 []

[18] [19] [20]
Capitolo 3.

Underfull \hbox (badness 10000) in paragraph at lines 677--680

 []


Underfull \hbox (badness 10000) in paragraph at lines 677--680

 []

<./images/STRING-NET.png, id=411, 793.364pt x 764.456pt>
File: ./images/STRING-NET.png Graphic file (type png)
<use ./images/STRING-NET.png>
Package pdftex.def Info: ./images/STRING-NET.png  used on input line 686.
(pdftex.def)             Requested size: 357.0105pt x 344.00201pt.

Underfull \hbox (badness 10000) in paragraph at lines 683--693

 []


LaTeX Warning: `h' float specifier changed to `ht'.

[21

] [22 <./images/STRING-NET.png>]
Underfull \hbox (badness 10000) in paragraph at lines 701--705

 []


Overfull \hbox (0.20332pt too wide) in paragraph at lines 701--705
\OT1/cmr/m/n/12 Nel ca-so spe-ci-fi-co del-la spe-cie C.elegans, la ma-tri-ce S
TRING ha di-men-sio-ne $15752 \OMS/cmsy/m/n/12 ^^B
 []


Underfull \hbox (badness 10000) in paragraph at lines 724--741

 []


Underfull \hbox (badness 10000) in paragraph at lines 724--741

 []


LaTeX Warning: `h' float specifier changed to `ht'.

[23]
Underfull \hbox (badness 10000) in paragraph at lines 759--769

 []


Underfull \hbox (badness 10000) in paragraph at lines 759--769

 []


Underfull \hbox (badness 10000) in paragraph at lines 759--769

 []

[24]
Underfull \hbox (badness 10000) in paragraph at lines 782--786

 []

<./images/Roccurves.png, id=487, 604.2575pt x 453.695pt>
File: ./images/Roccurves.png Graphic file (type png)
<use ./images/Roccurves.png>
Package pdftex.def Info: ./images/Roccurves.png  used on input line 798.
(pdftex.def)             Requested size: 229.62024pt x 172.40588pt.

Overfull \hbox (10.43141pt too wide) in paragraph at lines 792--805
\OT1/cmr/m/n/12 ($\OML/cmm/m/it/12 FalsePositive$\OT1/cmr/m/n/12 ) sul to-ta-le
 del-le istan-ze non ap-par-te-nen-ti al-la clas-se ($\OML/cmm/m/it/12 FalsePos
itive \OT1/cmr/m/n/12 +
 []


Underfull \hbox (badness 10000) in paragraph at lines 792--805

 []

[25]
Underfull \hbox (badness 10000) in paragraph at lines 807--812

 []

[26 <./images/Roccurves.png (PNG copy)>]
<./images/Prccurves.png, id=503, 292.84406pt x 266.49562pt>
File: ./images/Prccurves.png Graphic file (type png)
<use ./images/Prccurves.png>
Package pdftex.def Info: ./images/Prccurves.png  used on input line 815.
(pdftex.def)             Requested size: 204.98944pt x 186.54565pt.

Overfull \hbox (34.7217pt too wide) in paragraph at lines 838--847
[][] 
 []


Underfull \hbox (badness 10000) in paragraph at lines 832--850

 []

[27 <./images/Prccurves.png>]
Underfull \hbox (badness 4886) in paragraph at lines 852--852
[][][]\OT1/cmr/m/n/10 Per ge-ne-ra-re i fold in ma-nie-ra stra-ti-fi-ca-ta, si 
^^Re sfrut-ta-ta la fun-zio-ne di R,
 []


Underfull \hbox (badness 10000) in paragraph at lines 852--855

 []


Underfull \hbox (badness 10000) in paragraph at lines 852--855

 []


Underfull \hbox (badness 10000) in paragraph at lines 857--864

 []


Underfull \hbox (badness 10000) in paragraph at lines 857--864

 []

[28] [29]
Overfull \hbox (33.43883pt too wide) in paragraph at lines 867--873
 [] 
 []


Overfull \hbox (33.43883pt too wide) in paragraph at lines 879--885
 [] 
 []


Overfull \hbox (33.43883pt too wide) in paragraph at lines 891--897
 [] 
 []

[30]
<images/BP_box_plot_times.png, id=544, 1203.2955pt x 508.7808pt>
File: images/BP_box_plot_times.png Graphic file (type png)
<use images/BP_box_plot_times.png>
Package pdftex.def Info: images/BP_box_plot_times.png  used on input line 905.
(pdftex.def)             Requested size: 276.75214pt x 117.01712pt.
<images/MF_box_plot_times.png, id=545, 1176.5556pt x 507.3354pt>
File: images/MF_box_plot_times.png Graphic file (type png)
<use images/MF_box_plot_times.png>
Package pdftex.def Info: images/MF_box_plot_times.png  used on input line 906.
(pdftex.def)             Requested size: 270.6021pt x 116.68468pt.
<images/CC_box_plot_times.png, id=546, 1186.6734pt x 507.3354pt>
File: images/CC_box_plot_times.png Graphic file (type png)
<use images/CC_box_plot_times.png>
Package pdftex.def Info: images/CC_box_plot_times.png  used on input line 907.
(pdftex.def)             Requested size: 272.92914pt x 116.68468pt.
 [31 <./images/BP_box_plot_times.png> <./images/MF_box_plot_times.png> <./image
s/CC_box_plot_times.png>]
Underfull \hbox (badness 10000) in paragraph at lines 924--928

 []


Underfull \hbox (badness 10000) in paragraph at lines 930--938

 []


Underfull \hbox (badness 10000) in paragraph at lines 930--938

 []


Underfull \hbox (badness 10000) in paragraph at lines 940--944

 []

[32]
<./images/pca_eigen.png, id=576, 246.1697pt x 166.37157pt>
File: ./images/pca_eigen.png Graphic file (type png)
<use ./images/pca_eigen.png>
Package pdftex.def Info: ./images/pca_eigen.png  used on input line 955.
(pdftex.def)             Requested size: 123.08453pt x 83.18556pt.

Underfull \hbox (badness 10000) in paragraph at lines 952--962

 []

[33 <./images/pca_eigen.png (PNG copy)>]
<./images/FS_BP_times.png, id=586, 1156.32pt x 361.35pt>
File: ./images/FS_BP_times.png Graphic file (type png)
<use ./images/FS_BP_times.png>
Package pdftex.def Info: ./images/FS_BP_times.png  used on input line 976.
(pdftex.def)             Requested size: 427.83171pt x 133.6974pt.
<./images/FS_MF_times.png, id=587, 1156.32pt x 361.35pt>
File: ./images/FS_MF_times.png Graphic file (type png)
<use ./images/FS_MF_times.png>
Package pdftex.def Info: ./images/FS_MF_times.png  used on input line 977.
(pdftex.def)             Requested size: 427.83171pt x 133.6974pt.
<./images/FS_CC_times.png, id=588, 1156.32pt x 361.35pt>
File: ./images/FS_CC_times.png Graphic file (type png)
<use ./images/FS_CC_times.png>
Package pdftex.def Info: ./images/FS_CC_times.png  used on input line 978.
(pdftex.def)             Requested size: 427.83171pt x 133.6974pt.

Overfull \hbox (9.57803pt too wide) in paragraph at lines 976--979
[][]
 []


Overfull \hbox (9.57803pt too wide) in paragraph at lines 976--979
[]
 []


Overfull \hbox (9.57803pt too wide) in paragraph at lines 976--979
[] 
 []


Underfull \hbox (badness 10000) in paragraph at lines 971--982

 []

<./images/FS_BP_auroc.png, id=592, 1156.32pt x 361.35pt>
File: ./images/FS_BP_auroc.png Graphic file (type png)
<use ./images/FS_BP_auroc.png>
Package pdftex.def Info: ./images/FS_BP_auroc.png  used on input line 986.
(pdftex.def)             Requested size: 427.83171pt x 133.6974pt.
<./images/FS_MF_auroc.png, id=593, 1156.32pt x 361.35pt>
File: ./images/FS_MF_auroc.png Graphic file (type png)
<use ./images/FS_MF_auroc.png>
Package pdftex.def Info: ./images/FS_MF_auroc.png  used on input line 987.
(pdftex.def)             Requested size: 427.83171pt x 133.6974pt.
<./images/FS_CC_auroc.png, id=594, 1156.32pt x 361.35pt>
File: ./images/FS_CC_auroc.png Graphic file (type png)
<use ./images/FS_CC_auroc.png>
Package pdftex.def Info: ./images/FS_CC_auroc.png  used on input line 988.
(pdftex.def)             Requested size: 427.83171pt x 133.6974pt.

Overfull \hbox (9.57803pt too wide) in paragraph at lines 986--989
 [][] 
 []


Overfull \hbox (9.57803pt too wide) in paragraph at lines 986--989
 [] 
 []


Overfull \hbox (9.57803pt too wide) in paragraph at lines 986--989
 [] 
 []

<./images/FS_BP_auprc.png, id=595, 1156.32pt x 361.35pt>
File: ./images/FS_BP_auprc.png Graphic file (type png)
<use ./images/FS_BP_auprc.png>
Package pdftex.def Info: ./images/FS_BP_auprc.png  used on input line 995.
(pdftex.def)             Requested size: 427.83171pt x 133.6974pt.
<./images/FS_MF_auprc.png, id=596, 1156.32pt x 361.35pt>
File: ./images/FS_MF_auprc.png Graphic file (type png)
<use ./images/FS_MF_auprc.png>
Package pdftex.def Info: ./images/FS_MF_auprc.png  used on input line 996.
(pdftex.def)             Requested size: 427.83171pt x 133.6974pt.
<./images/FS_CC_auprc.png, id=597, 1156.32pt x 361.35pt>
File: ./images/FS_CC_auprc.png Graphic file (type png)
<use ./images/FS_CC_auprc.png>
Package pdftex.def Info: ./images/FS_CC_auprc.png  used on input line 997.
(pdftex.def)             Requested size: 427.83171pt x 133.6974pt.

Overfull \hbox (9.57803pt too wide) in paragraph at lines 995--998
 [][] 
 []


Overfull \hbox (9.57803pt too wide) in paragraph at lines 995--998
 [] 
 []


Overfull \hbox (9.57803pt too wide) in paragraph at lines 995--998
 [] 
 []

[34] [35 <./images/FS_BP_times.png> <./images/FS_MF_times.png> <./images/FS_CC_
times.png>] [36 <./images/FS_BP_auroc.png> <./images/FS_MF_auroc.png> <./images
/FS_CC_auroc.png>] [37 <./images/FS_BP_auprc.png> <./images/FS_MF_auprc.png> <.
/images/FS_CC_auprc.png>]
<./images/explained_variance.png, id=631, 766.36313pt x 291.33844pt>
File: ./images/explained_variance.png Graphic file (type png)
<use ./images/explained_variance.png>
Package pdftex.def Info: ./images/explained_variance.png  used on input line 10
07.
(pdftex.def)             Requested size: 383.18063pt x 145.66885pt.
<./images/PCA_BP_times.png, id=635, 1156.32pt x 361.35pt>
File: ./images/PCA_BP_times.png Graphic file (type png)
<use ./images/PCA_BP_times.png>
Package pdftex.def Info: ./images/PCA_BP_times.png  used on input line 1026.
(pdftex.def)             Requested size: 427.83171pt x 133.6974pt.
<./images/PCA_MF_times.png, id=636, 1156.32pt x 361.35pt>
File: ./images/PCA_MF_times.png Graphic file (type png)
<use ./images/PCA_MF_times.png>
Package pdftex.def Info: ./images/PCA_MF_times.png  used on input line 1027.
(pdftex.def)             Requested size: 427.83171pt x 133.6974pt.
<./images/PCA_CC_times.png, id=637, 1156.32pt x 361.35pt>
File: ./images/PCA_CC_times.png Graphic file (type png)
<use ./images/PCA_CC_times.png>
Package pdftex.def Info: ./images/PCA_CC_times.png  used on input line 1028.
(pdftex.def)             Requested size: 427.83171pt x 133.6974pt.

Overfull \hbox (9.57803pt too wide) in paragraph at lines 1026--1029
[][]
 []


Overfull \hbox (9.57803pt too wide) in paragraph at lines 1026--1029
[]
 []


Overfull \hbox (9.57803pt too wide) in paragraph at lines 1026--1029
[] 
 []

<./images/PCA_BP_auroc.png, id=640, 1156.32pt x 361.35pt>
File: ./images/PCA_BP_auroc.png Graphic file (type png)
<use ./images/PCA_BP_auroc.png>
Package pdftex.def Info: ./images/PCA_BP_auroc.png  used on input line 1037.
(pdftex.def)             Requested size: 427.83171pt x 133.6974pt.
<./images/PCA_MF_auroc.png, id=641, 1156.32pt x 361.35pt>
File: ./images/PCA_MF_auroc.png Graphic file (type png)
<use ./images/PCA_MF_auroc.png>
Package pdftex.def Info: ./images/PCA_MF_auroc.png  used on input line 1038.
(pdftex.def)             Requested size: 427.83171pt x 133.6974pt.
<./images/PCA_CC_auroc.png, id=642, 1156.32pt x 361.35pt>
File: ./images/PCA_CC_auroc.png Graphic file (type png)
<use ./images/PCA_CC_auroc.png>
Package pdftex.def Info: ./images/PCA_CC_auroc.png  used on input line 1039.
(pdftex.def)             Requested size: 427.83171pt x 133.6974pt.

Overfull \hbox (9.57803pt too wide) in paragraph at lines 1037--1040
 [][] 
 []


Overfull \hbox (9.57803pt too wide) in paragraph at lines 1037--1040
 [] 
 []


Overfull \hbox (9.57803pt too wide) in paragraph at lines 1037--1040
 [] 
 []


Underfull \hbox (badness 10000) in paragraph at lines 1018--1043

 []


Underfull \hbox (badness 10000) in paragraph at lines 1018--1043

 []


Underfull \hbox (badness 10000) in paragraph at lines 1018--1043

 []

[38 <./images/explained_variance.png (PNG copy)>] [39 <./images/PCA_BP_times.pn
g> <./images/PCA_MF_times.png> <./images/PCA_CC_times.png>]
<./images/PCA_BP_auprc.png, id=659, 1156.32pt x 361.35pt>
File: ./images/PCA_BP_auprc.png Graphic file (type png)
<use ./images/PCA_BP_auprc.png>
Package pdftex.def Info: ./images/PCA_BP_auprc.png  used on input line 1046.
(pdftex.def)             Requested size: 427.83171pt x 133.6974pt.
<./images/PCA_MF_auprc.png, id=660, 1156.32pt x 361.35pt>
File: ./images/PCA_MF_auprc.png Graphic file (type png)
<use ./images/PCA_MF_auprc.png>
Package pdftex.def Info: ./images/PCA_MF_auprc.png  used on input line 1047.
(pdftex.def)             Requested size: 427.83171pt x 133.6974pt.
<./images/PCA_CC_auprc.png, id=661, 1156.32pt x 361.35pt>
File: ./images/PCA_CC_auprc.png Graphic file (type png)
<use ./images/PCA_CC_auprc.png>
Package pdftex.def Info: ./images/PCA_CC_auprc.png  used on input line 1048.
(pdftex.def)             Requested size: 427.83171pt x 133.6974pt.

Overfull \hbox (9.57803pt too wide) in paragraph at lines 1046--1049
 [][] 
 []


Overfull \hbox (9.57803pt too wide) in paragraph at lines 1046--1049
 [] 
 []


Overfull \hbox (9.57803pt too wide) in paragraph at lines 1046--1049
 [] 
 []

[40 <./images/PCA_BP_auroc.png> <./images/PCA_MF_auroc.png> <./images/PCA_CC_au
roc.png>] [41 <./images/PCA_BP_auprc.png> <./images/PCA_MF_auprc.png> <./images
/PCA_CC_auprc.png>]
Underfull \hbox (badness 10000) in paragraph at lines 1066--1070

 []


Underfull \hbox (badness 10000) in paragraph at lines 1088--1093

 []

[42]
Underfull \hbox (badness 10000) in paragraph at lines 1095--1100

 []


Underfull \hbox (badness 10000) in paragraph at lines 1106--1110

 []

<./images/FS_vs_PCA_BP_AUROC.png, id=693, 1156.32pt x 361.35pt>
File: ./images/FS_vs_PCA_BP_AUROC.png Graphic file (type png)
<use ./images/FS_vs_PCA_BP_AUROC.png>
Package pdftex.def Info: ./images/FS_vs_PCA_BP_AUROC.png  used on input line 11
14.
(pdftex.def)             Requested size: 497.20792pt x 155.37747pt.
<./images/FS_vs_PCA_MF_AUROC.png, id=694, 1156.32pt x 361.35pt>
File: ./images/FS_vs_PCA_MF_AUROC.png Graphic file (type png)
<use ./images/FS_vs_PCA_MF_AUROC.png>
Package pdftex.def Info: ./images/FS_vs_PCA_MF_AUROC.png  used on input line 11
16.
(pdftex.def)             Requested size: 497.20792pt x 155.37747pt.
<./images/FS_vs_PCA_CC_AUROC.png, id=695, 1156.32pt x 361.35pt>
File: ./images/FS_vs_PCA_CC_AUROC.png Graphic file (type png)
<use ./images/FS_vs_PCA_CC_AUROC.png>
Package pdftex.def Info: ./images/FS_vs_PCA_CC_AUROC.png  used on input line 11
18.
(pdftex.def)             Requested size: 497.20792pt x 155.37747pt.

Overfull \hbox (16.52277pt too wide) in paragraph at lines 1113--1119
 []|  [] 
 []


Overfull \hbox (16.52277pt too wide) in paragraph at lines 1113--1119
 |  [] 
 []


Overfull \hbox (16.52277pt too wide) in paragraph at lines 1113--1119
 |  [] 
 []


LaTeX Warning: `!h' float specifier changed to `!ht'.

<./images/FS_vs_PCA_BP_AUPRC.png, id=696, 1156.32pt x 361.35pt>
File: ./images/FS_vs_PCA_BP_AUPRC.png Graphic file (type png)
<use ./images/FS_vs_PCA_BP_AUPRC.png>
Package pdftex.def Info: ./images/FS_vs_PCA_BP_AUPRC.png  used on input line 11
26.
(pdftex.def)             Requested size: 497.20792pt x 155.37747pt.
<./images/FS_vs_PCA_MF_AUPRC.png, id=697, 1156.32pt x 361.35pt>
File: ./images/FS_vs_PCA_MF_AUPRC.png Graphic file (type png)
<use ./images/FS_vs_PCA_MF_AUPRC.png>
Package pdftex.def Info: ./images/FS_vs_PCA_MF_AUPRC.png  used on input line 11
28.
(pdftex.def)             Requested size: 497.20792pt x 155.37747pt.
<./images/FS_vs_PCA_CC_AUPRC.png, id=698, 1156.32pt x 361.35pt>
File: ./images/FS_vs_PCA_CC_AUPRC.png Graphic file (type png)
<use ./images/FS_vs_PCA_CC_AUPRC.png>
Package pdftex.def Info: ./images/FS_vs_PCA_CC_AUPRC.png  used on input line 11
30.
(pdftex.def)             Requested size: 497.20792pt x 155.37747pt.

Overfull \hbox (16.52277pt too wide) in paragraph at lines 1125--1131
 []|  [] 
 []


Overfull \hbox (16.52277pt too wide) in paragraph at lines 1125--1131
 |  [] 
 []


Overfull \hbox (16.52277pt too wide) in paragraph at lines 1125--1131
 |  [] 
 []


LaTeX Warning: `!h' float specifier changed to `!ht'.


Underfull \hbox (badness 10000) in paragraph at lines 1135--1145

 []


Underfull \hbox (badness 10000) in paragraph at lines 1135--1145

 []


Underfull \hbox (badness 10000) in paragraph at lines 1135--1145

 []

[43] [44 <./images/FS_vs_PCA_BP_AUROC.png> <./images/FS_vs_PCA_MF_AUROC.png> <.
/images/FS_vs_PCA_CC_AUROC.png>] [45 <./images/FS_vs_PCA_BP_AUPRC.png> <./image
s/FS_vs_PCA_MF_AUPRC.png> <./images/FS_vs_PCA_CC_AUPRC.png>]
LaTeX Font Info:    Font shape `OMS/cmr/bx/n' in size <12> not available
(Font)              Font shape `OMS/cmsy/b/n' tried instead on input line 1161.



LaTeX Warning: `h' float specifier changed to `ht'.

[46]
Underfull \hbox (badness 10000) in paragraph at lines 1187--1191

 []


Underfull \hbox (badness 10000) in paragraph at lines 1193--1197

 []

[47]
Overfull \hbox (523.40788pt too wide) in paragraph at lines 1210--1210
 [][] 
 []


Overfull \hbox (523.40788pt too wide) in paragraph at lines 1222--1222
 [][] 
 []


Overfull \hbox (517.65791pt too wide) in paragraph at lines 1239--1239
 [][] 
 []


Overfull \hbox (523.40788pt too wide) in paragraph at lines 1251--1251
 [][] 
 []

[48]
Underfull \hbox (badness 10000) in paragraph at lines 1257--1267

 []


Underfull \hbox (badness 10000) in paragraph at lines 1257--1267

 []


Underfull \hbox (badness 10000) in paragraph at lines 1257--1267

 []


LaTeX Warning: `!h' float specifier changed to `!ht'.


LaTeX Warning: `!h' float specifier changed to `!ht'.

[49] [50] [51]
Underfull \hbox (badness 10000) in paragraph at lines 1521--1529

 []


Underfull \hbox (badness 10000) in paragraph at lines 1521--1529

 []

<./images/scatterplot_FS.png, id=806, 1879.02pt x 1879.02pt>
File: ./images/scatterplot_FS.png Graphic file (type png)
<use ./images/scatterplot_FS.png>
Package pdftex.def Info: ./images/scatterplot_FS.png  used on input line 1532.
(pdftex.def)             Requested size: 563.71036pt x 563.71036pt.

Overfull \hbox (74.09044pt too wide) in paragraph at lines 1531--1533
[]|  [] 
 []


LaTeX Warning: Float too large for page by 19.93015pt on input line 1535.

<./images/scatterplot_PCA.png, id=807, 1879.02pt x 1879.02pt>
File: ./images/scatterplot_PCA.png Graphic file (type png)
<use ./images/scatterplot_PCA.png>
Package pdftex.def Info: ./images/scatterplot_PCA.png  used on input line 1539.

(pdftex.def)             Requested size: 563.71036pt x 563.71036pt.

Overfull \hbox (74.09044pt too wide) in paragraph at lines 1538--1540
[]|  [] 
 []


LaTeX Warning: Float too large for page by 19.93015pt on input line 1542.

[52] [53 <./images/scatterplot_FS.png>] [54 <./images/scatterplot_PCA.png>]
Capitolo 4.

Underfull \hbox (badness 10000) in paragraph at lines 1546--1556

 []


Underfull \hbox (badness 10000) in paragraph at lines 1546--1556

 []


Underfull \hbox (badness 10000) in paragraph at lines 1546--1556

 []

[55

] [56]
Appendice A.
(/usr/share/texlive/texmf-dist/tex/latex/listings/lstlang1.sty
File: lstlang1.sty 2015/06/04 1.6 listings language file
)
(/usr/share/texlive/texmf-dist/tex/latex/listings/lstlang2.sty
File: lstlang2.sty 2015/06/04 1.6 listings language file
)
(/usr/share/texlive/texmf-dist/tex/latex/listings/lstlang3.sty
File: lstlang3.sty 2015/06/04 1.6 listings language file
)
Package hyperref Info: bookmark level for unknown lstlisting defaults to 0 on i
nput line 1572.

(./code/default_config2.R
LaTeX Font Info:    Try loading font information for OML+cmr on input line 1.

(/usr/share/texlive/texmf-dist/tex/latex/base/omlcmr.fd
File: omlcmr.fd 2014/09/29 v2.5h Standard LaTeX font definitions
)
LaTeX Font Info:    Font shape `OML/cmr/m/n' in size <10> not available
(Font)              Font shape `OML/cmm/m/it' tried instead on input line 1.
 [57


]) [58]
(./code/snippet.R
LaTeX Font Info:    Font shape `OMS/cmr/m/n' in size <10> not available
(Font)              Font shape `OMS/cmsy/m/n' tried instead on input line 24.
) [59]
Appendice B.
<./images/BP_AUC_1.png, id=944, 1662.21pt x 1662.21pt>
File: ./images/BP_AUC_1.png Graphic file (type png)
<use ./images/BP_AUC_1.png>
Package pdftex.def Info: ./images/BP_AUC_1.png  used on input line 1581.
(pdftex.def)             Requested size: 565.14394pt x 565.14394pt.

Overfull \hbox (75.52402pt too wide) in paragraph at lines 1580--1582
[]|  [] 
 []


LaTeX Warning: Float too large for page by 9.36372pt on input line 1584.


LaTeX Warning: `h' float specifier changed to `ht'.

<./images/BP_AUC_2.png, id=945, 1662.21pt x 1662.21pt>
File: ./images/BP_AUC_2.png Graphic file (type png)
<use ./images/BP_AUC_2.png>
Package pdftex.def Info: ./images/BP_AUC_2.png  used on input line 1589.
(pdftex.def)             Requested size: 565.14394pt x 565.14394pt.

Overfull \hbox (75.52402pt too wide) in paragraph at lines 1588--1590
[]|  [] 
 []


LaTeX Warning: Float too large for page by 9.36372pt on input line 1592.


LaTeX Warning: `h' float specifier changed to `ht'.

<./images/MF_AUC_1.png, id=946, 1662.21pt x 1662.21pt>
File: ./images/MF_AUC_1.png Graphic file (type png)
<use ./images/MF_AUC_1.png>
Package pdftex.def Info: ./images/MF_AUC_1.png  used on input line 1596.
(pdftex.def)             Requested size: 565.14394pt x 565.14394pt.

Overfull \hbox (75.52402pt too wide) in paragraph at lines 1595--1597
[]|  [] 
 []


LaTeX Warning: Float too large for page by 9.36372pt on input line 1599.


LaTeX Warning: `h' float specifier changed to `ht'.

<./images/MF_AUC_2.png, id=947, 1662.21pt x 1662.21pt>
File: ./images/MF_AUC_2.png Graphic file (type png)
<use ./images/MF_AUC_2.png>
Package pdftex.def Info: ./images/MF_AUC_2.png  used on input line 1603.
(pdftex.def)             Requested size: 565.14394pt x 565.14394pt.

Overfull \hbox (75.52402pt too wide) in paragraph at lines 1602--1604
[]|  [] 
 []


LaTeX Warning: Float too large for page by 9.36372pt on input line 1606.


LaTeX Warning: `h' float specifier changed to `ht'.

<./images/CC_AUC_1.png, id=948, 1662.21pt x 1662.21pt>
File: ./images/CC_AUC_1.png Graphic file (type png)
<use ./images/CC_AUC_1.png>
Package pdftex.def Info: ./images/CC_AUC_1.png  used on input line 1610.
(pdftex.def)             Requested size: 565.14394pt x 565.14394pt.

Overfull \hbox (75.52402pt too wide) in paragraph at lines 1609--1611
[]|  [] 
 []


LaTeX Warning: Float too large for page by 9.36372pt on input line 1613.


LaTeX Warning: `h' float specifier changed to `ht'.

<./images/CC_AUC_2.png, id=949, 1662.21pt x 1662.21pt>
File: ./images/CC_AUC_2.png Graphic file (type png)
<use ./images/CC_AUC_2.png>
Package pdftex.def Info: ./images/CC_AUC_2.png  used on input line 1617.
(pdftex.def)             Requested size: 565.14394pt x 565.14394pt.

Overfull \hbox (75.52402pt too wide) in paragraph at lines 1616--1618
[]|  [] 
 []


LaTeX Warning: Float too large for page by 9.36372pt on input line 1620.


LaTeX Warning: `h' float specifier changed to `ht'.

<./images/BP_PRC_1.png, id=950, 1662.21pt x 1662.21pt>
File: ./images/BP_PRC_1.png Graphic file (type png)
<use ./images/BP_PRC_1.png>
Package pdftex.def Info: ./images/BP_PRC_1.png  used on input line 1624.
(pdftex.def)             Requested size: 565.14394pt x 565.14394pt.

Overfull \hbox (75.52402pt too wide) in paragraph at lines 1623--1625
[]|  [] 
 []


LaTeX Warning: Float too large for page by 9.36372pt on input line 1627.


LaTeX Warning: `h' float specifier changed to `ht'.

<./images/BP_PRC_2.png, id=951, 1662.21pt x 1662.21pt>
File: ./images/BP_PRC_2.png Graphic file (type png)
<use ./images/BP_PRC_2.png>
Package pdftex.def Info: ./images/BP_PRC_2.png  used on input line 1632.
(pdftex.def)             Requested size: 565.14394pt x 565.14394pt.

Overfull \hbox (75.52402pt too wide) in paragraph at lines 1631--1633
[]|  [] 
 []


LaTeX Warning: Float too large for page by 9.36372pt on input line 1635.


LaTeX Warning: `h' float specifier changed to `ht'.

<./images/MF_PRC_1.png, id=952, 1662.21pt x 1662.21pt>
File: ./images/MF_PRC_1.png Graphic file (type png)
<use ./images/MF_PRC_1.png>
Package pdftex.def Info: ./images/MF_PRC_1.png  used on input line 1639.
(pdftex.def)             Requested size: 565.14394pt x 565.14394pt.

Overfull \hbox (75.52402pt too wide) in paragraph at lines 1638--1640
[]|  [] 
 []


LaTeX Warning: Float too large for page by 9.36372pt on input line 1642.


LaTeX Warning: `h' float specifier changed to `ht'.

<./images/MF_PRC_2.png, id=953, 1662.21pt x 1662.21pt>
File: ./images/MF_PRC_2.png Graphic file (type png)
<use ./images/MF_PRC_2.png>
Package pdftex.def Info: ./images/MF_PRC_2.png  used on input line 1646.
(pdftex.def)             Requested size: 565.14394pt x 565.14394pt.

Overfull \hbox (75.52402pt too wide) in paragraph at lines 1645--1647
[]|  [] 
 []


LaTeX Warning: Float too large for page by 9.36372pt on input line 1649.


LaTeX Warning: `h' float specifier changed to `ht'.

<./images/CC_PRC_1.png, id=954, 1662.21pt x 1662.21pt>
File: ./images/CC_PRC_1.png Graphic file (type png)
<use ./images/CC_PRC_1.png>
Package pdftex.def Info: ./images/CC_PRC_1.png  used on input line 1653.
(pdftex.def)             Requested size: 565.14394pt x 565.14394pt.

Overfull \hbox (75.52402pt too wide) in paragraph at lines 1652--1654
[]|  [] 
 []


LaTeX Warning: Float too large for page by 9.36372pt on input line 1656.


LaTeX Warning: `h' float specifier changed to `ht'.

<./images/CC_PRC_2.png, id=955, 1662.21pt x 1662.21pt>
File: ./images/CC_PRC_2.png Graphic file (type png)
<use ./images/CC_PRC_2.png>
Package pdftex.def Info: ./images/CC_PRC_2.png  used on input line 1661.
(pdftex.def)             Requested size: 565.14394pt x 565.14394pt.

Overfull \hbox (75.52402pt too wide) in paragraph at lines 1660--1662
[]|  [] 
 []


LaTeX Warning: Float too large for page by 9.36372pt on input line 1664.


LaTeX Warning: `h' float specifier changed to `ht'.

[60

] [61 <./images/BP_AUC_1.png>] [62 <./images/BP_AUC_2.png>] [63 <./images/MF_AU
C_1.png>] [64 <./images/MF_AUC_2.png>] [65 <./images/CC_AUC_1.png>] [66 <./imag
es/CC_AUC_2.png>] [67 <./images/BP_PRC_1.png>] [68 <./images/BP_PRC_2.png>]
[69 <./images/MF_PRC_1.png>] [70 <./images/MF_PRC_2.png>] [71 <./images/CC_PRC_
1.png>] [72 <./images/CC_PRC_2.png>]
Appendice C.

Overfull \hbox (26.76942pt too wide) in alignment at lines 1669--1690
 [] [] [] [] [] [] [] 
 []


Underfull \vbox (badness 10000) detected at line 1690
 []


Overfull \hbox (26.76942pt too wide) in alignment at lines 1690--1710
 [] [] [] [] [] [] [] 
 []


Overfull \hbox (26.76942pt too wide) in alignment at lines 1710--1730
 [] [] [] [] [] [] [] 
 []

[73

]
Overfull \hbox (26.76942pt too wide) in alignment at lines 1730--1750
 [] [] [] [] [] [] [] 
 []


Overfull \hbox (26.76942pt too wide) in alignment at lines 1750--1770
 [] [] [] [] [] [] [] 
 []

[74]
Overfull \hbox (26.76942pt too wide) in alignment at lines 1770--1782
 [] [] [] [] [] [] [] 
 []

[75]
Overfull \hbox (34.82224pt too wide) in alignment at lines 1784--1805
 [] [] [] [] [] [] [] [] 
 []


Underfull \vbox (badness 10000) detected at line 1805
 []


Overfull \hbox (34.82224pt too wide) in alignment at lines 1805--1825
 [] [] [] [] [] [] [] [] 
 []


Overfull \hbox (34.82224pt too wide) in alignment at lines 1825--1845
 [] [] [] [] [] [] [] [] 
 []

[76]
Overfull \hbox (34.82224pt too wide) in alignment at lines 1845--1865
 [] [] [] [] [] [] [] [] 
 []


Overfull \hbox (34.82224pt too wide) in alignment at lines 1865--1870
 [] [] [] [] [] [] [] [] 
 []

[77]

LaTeX Warning: Float too large for page by 28.16899pt on input line 1916.


LaTeX Warning: `h' float specifier changed to `ht'.


Overfull \hbox (20.93158pt too wide) in paragraph at lines 1921--1939
 [][] 
 []


Overfull \hbox (20.93158pt too wide) in paragraph at lines 1942--1960
 [][] 
 []


LaTeX Warning: `!h' float specifier changed to `!ht'.


Overfull \hbox (20.93158pt too wide) in paragraph at lines 1967--1985
 [][] 
 []


Overfull \hbox (20.93158pt too wide) in paragraph at lines 1988--2006
 [][] 
 []


LaTeX Warning: `!h' float specifier changed to `!ht'.


Overfull \hbox (508.38002pt too wide) in paragraph at lines 2022--2022
 [][] 
 []


Overfull \hbox (515.07506pt too wide) in paragraph at lines 2034--2034
 [][] 
 []


LaTeX Warning: `!h' float specifier changed to `!ht'.


Overfull \hbox (531.7407pt too wide) in paragraph at lines 2051--2051
 [][] 
 []


Overfull \hbox (523.40788pt too wide) in paragraph at lines 2063--2063
 [][] 
 []


Overfull \hbox (334.38248pt too wide) in paragraph at lines 2090--2090
 [][] 
 []


Overfull \hbox (334.38248pt too wide) in paragraph at lines 2110--2110
 [][] 
 []


Overfull \hbox (334.38248pt too wide) in paragraph at lines 2130--2130
 [][] 
 []


LaTeX Warning: `!h' float specifier changed to `!ht'.


Overfull \hbox (333.53506pt too wide) in paragraph at lines 2156--2156
 [][] 
 []


Overfull \hbox (333.53506pt too wide) in paragraph at lines 2176--2176
 [][] 
 []


Overfull \hbox (333.53506pt too wide) in paragraph at lines 2196--2196
 [][] 
 []


Overfull \hbox (334.38248pt too wide) in paragraph at lines 2224--2224
 [][] 
 []


Overfull \hbox (334.38248pt too wide) in paragraph at lines 2244--2244
 [][] 
 []


Overfull \hbox (334.38248pt too wide) in paragraph at lines 2264--2264
 [][] 
 []


Overfull \hbox (333.53506pt too wide) in paragraph at lines 2291--2291
 [][] 
 []


Overfull \hbox (333.53506pt too wide) in paragraph at lines 2311--2311
 [][] 
 []


Overfull \hbox (333.53506pt too wide) in paragraph at lines 2331--2331
 [][] 
 []

[78] [79] [80] [81] [82] [83] [84] [85] [86]
Underfull \hbox (badness 4353) in paragraph at lines 2345--2347
[]\OT1/cmr/m/n/12 Giorgio Va-len-ti-ni, \OT1/cmr/m/it/12 Ma-chi-ne lear-ning me
-thods for ge-ne/-pro-tein func-
 []


Underfull \hbox (badness 10000) in paragraph at lines 2345--2347
\OT1/cmr/m/it/12 tion pre-dic-tion\OT1/cmr/m/n/12 , []$\OT1/cmtt/m/n/12 https :
 / / homes . di . unimi . it / valenti / SlideCorsi /
 []


Underfull \hbox (badness 10000) in paragraph at lines 2348--2349
[]\OT1/cmr/m/it/12 Gene On-to-lo-gy []$\OT1/cmtt/m/n/12 http : / / www . geneon
tology . org / page /
 []


Underfull \hbox (badness 10000) in paragraph at lines 2351--2352
[]\OT1/cmr/m/it/12 Functional Ca-ta-lo-gue []$\OT1/cmtt/m/n/12 https : / / www 
. helmholtz-[]muenchen . de / ibis /
 []


Underfull \hbox (badness 10000) in paragraph at lines 2351--2352
\OT1/cmtt/m/n/12 resourcesservices / genomics / funcat-[]the-[]functional-[]cat
alogue /
 []


Underfull \hbox (badness 10000) in paragraph at lines 2353--2354
[]\OT1/cmr/m/it/12 Gene On-to-lo-gy DAG Re-la-tions []$\OT1/cmtt/m/n/12 http : 
/ / geneontology . org / page /
 []

[87

]
Underfull \hbox (badness 2245) in paragraph at lines 2371--2372
[]\OT1/cmr/m/n/12 Mostafavi S, Mor-ris Q. \OT1/cmr/m/it/12 Fa-st in-te-gra-tion
 of he-te-ro-ge-neous da-ta sour-
 []


Underfull \hbox (badness 10000) in paragraph at lines 2373--2374
[]\OT1/cmr/m/n/12 Oliver S., \OT1/cmr/m/it/12 Guilt-by-association goes glo-bal
.\OT1/cmr/m/n/12 , Na-tu-re, 2000 Feb
 []


Underfull \hbox (badness 10000) in paragraph at lines 2390--2392
[]\OT1/cmr/m/n/12 J. R. Quin-lan, \OT1/cmr/m/it/12 In-duc-tion of de-ci-sion tr
ees\OT1/cmr/m/n/12 , Ma-chi-ne Lear-ning,
 []

[88]
Underfull \hbox (badness 10000) in paragraph at lines 2402--2403
[]\OT1/cmr/m/it/12 Isotonic Re-gres-sion\OT1/cmr/m/n/12 , []$\OT1/cmtt/m/n/12 h
ttps : / / en . wikipedia . org / wiki / Isotonic _
 []


Underfull \hbox (badness 1019) in paragraph at lines 2410--2413
[]\OT1/cmr/m/n/12 Hechenbichler K. and Schliep K.P., \OT1/cmr/m/it/12 Weighted 
k-Nearest-Neighbor Tech-
 []


Underfull \hbox (badness 3568) in paragraph at lines 2410--2413
\OT1/cmr/m/it/12 ni-ques and Or-di-nal Clas-si-fi-ca-tion\OT1/cmr/m/n/12 , Di-s
cus-sion Pa-per 399, SFB 386,
 []

[89]
Underfull \hbox (badness 2237) in paragraph at lines 2427--2428
[]\OT1/cmr/m/n/12 Dreyfus, Stuart E. \OT1/cmr/m/it/12 Ar-ti-fi-cial neu-ral net
-works, back pro-pa-ga-tion, and
 []


Underfull \hbox (badness 10000) in paragraph at lines 2450--2451
[]\OT1/cmr/m/it/12 HEMDAG\OT1/cmr/m/n/12 , []$\OT1/cmtt/m/n/12 https : / / www 
. rdocumentation . org / packages / HEMDAG /
 []


Underfull \hbox (badness 1331) in paragraph at lines 2450--2451
\OT1/cmtt/m/n/12 versions / 1 . 1 . 1 / topics / stratified . cross . validatio
n$[]\OT1/cmr/m/n/12 , ul-ti-mo ac-ces-so
 []


Underfull \hbox (badness 1087) in paragraph at lines 2452--2453
[]\OT1/cmr/m/n/12 Nicol^^Ro Cesa-Bianchi, \OT1/cmr/m/it/12 Di-spen-se del cor-s
o di Me-to-di Sta-ti-sti-ci per l'Ap-
 []


Underfull \hbox (badness 1874) in paragraph at lines 2452--2453
\OT1/cmr/m/it/12 pren-di-men-to: Ri-du-zio-ne di-men-sio-na-lit^^Ra.\OT1/cmr/m/
n/12 , []$\OT1/cmtt/m/n/12 http : / / homes . dsi . unimi . it /
 []

[90]
Underfull \hbox (badness 10000) in paragraph at lines 2458--2459
[]\OT1/cmr/m/it/12 OPENCV []$\OT1/cmtt/m/n/12 https : / / docs . opencv . org /
 3 . 1 . 0 / d1 / dee / tutorial _
 []

[91pdfTeX warning (ext4): destination with the same identifier (name{cite.ROSS}
) has been already used, duplicate ignored

\AtBegShi@Output ...ipout \box \AtBeginShipoutBox 
                                                  \fi \fi 
l.2467 \end{document}
                     ]
Package atveryend Info: Empty hook `BeforeClearDocument' on input line 2467.
Package atveryend Info: Empty hook `AfterLastShipout' on input line 2467.
 (./TemplateTesi.aux)
Package atveryend Info: Executing hook `AtVeryEndDocument' on input line 2467.
Package atveryend Info: Executing hook `AtEndAfterFileList' on input line 2467.

Package rerunfilecheck Info: File `TemplateTesi.out' has not changed.
(rerunfilecheck)             Checksum: FF42F1C3E109482617F0EE097ACEADE7;2671.


LaTeX Warning: There were multiply-defined labels.

 ) 
Here is how much of TeX's memory you used:
 34127 strings out of 494871
 765116 string characters out of 6179251
 1137850 words of memory out of 5000000
 36426 multiletter control sequences out of 15000+600000
 17163 words of font info for 65 fonts, out of 8000000 for 9000
 36 hyphenation exceptions out of 8191
 69i,12n,98p,1713b,2632s stack positions out of 5000i,500n,10000p,200000b,80000s
</usr/share/texlive/texmf-dist/fonts/type1/public/amsfonts/cm/cmbsy10.pfb></u
sr/share/texlive/texmf-dist/fonts/type1/public/amsfonts/cm/cmbx10.pfb></usr/sha
re/texlive/texmf-dist/fonts/type1/public/amsfonts/cm/cmbx12.pfb></usr/share/tex
live/texmf-dist/fonts/type1/public/amsfonts/cm/cmcsc10.pfb></usr/share/texlive/
texmf-dist/fonts/type1/public/amsfonts/cm/cmex10.pfb></usr/share/texlive/texmf-
dist/fonts/type1/public/amsfonts/cm/cmmi10.pfb></usr/share/texlive/texmf-dist/f
onts/type1/public/amsfonts/cm/cmmi12.pfb></usr/share/texlive/texmf-dist/fonts/t
ype1/public/amsfonts/cm/cmmi6.pfb></usr/share/texlive/texmf-dist/fonts/type1/pu
blic/amsfonts/cm/cmmi8.pfb></usr/share/texlive/texmf-dist/fonts/type1/public/am
sfonts/cm/cmr10.pfb></usr/share/texlive/texmf-dist/fonts/type1/public/amsfonts/
cm/cmr12.pfb></usr/share/texlive/texmf-dist/fonts/type1/public/amsfonts/cm/cmr6
.pfb></usr/share/texlive/texmf-dist/fonts/type1/public/amsfonts/cm/cmr7.pfb></u
sr/share/texlive/texmf-dist/fonts/type1/public/amsfonts/cm/cmr8.pfb></usr/share
/texlive/texmf-dist/fonts/type1/public/amsfonts/cm/cmsy10.pfb></usr/share/texli
ve/texmf-dist/fonts/type1/public/amsfonts/cm/cmsy8.pfb></usr/share/texlive/texm
f-dist/fonts/type1/public/amsfonts/cm/cmti10.pfb></usr/share/texlive/texmf-dist
/fonts/type1/public/amsfonts/cm/cmti12.pfb></usr/share/texlive/texmf-dist/fonts
/type1/public/amsfonts/cm/cmti8.pfb></usr/share/texlive/texmf-dist/fonts/type1/
public/amsfonts/cm/cmtt10.pfb></usr/share/texlive/texmf-dist/fonts/type1/public
/amsfonts/cm/cmtt12.pfb>
Output written on TemplateTesi.pdf (92 pages, 5400405 bytes).
PDF statistics:
 1287 PDF objects out of 1440 (max. 8388607)
 397 named destinations out of 1000 (max. 500000)
 542 words of extra memory for PDF output out of 10000 (max. 10000000)

